  [1m[35m (155.0ms)[0m  [1m[35mCREATE TABLE "schema_migrations" ("version" character varying NOT NULL PRIMARY KEY)[0m
  [1m[35m (5.3ms)[0m  [1m[35mCREATE TABLE "ar_internal_metadata" ("key" character varying NOT NULL PRIMARY KEY, "value" character varying, "created_at" timestamp NOT NULL, "updated_at" timestamp NOT NULL)[0m
  [1m[35m (28.0ms)[0m  [1m[34mSELECT pg_try_advisory_lock(6711173107426626090)[0m
  [1m[35m (1.2ms)[0m  [1m[34mSELECT "schema_migrations"."version" FROM "schema_migrations" ORDER BY "schema_migrations"."version" ASC[0m
Migrating to CreateUsers (20180717180123)
  [1m[35m (0.3ms)[0m  [1m[35mBEGIN[0m
  [1m[35m (58.0ms)[0m  [1m[35mCREATE TABLE "users" ("id" bigserial primary key, "username" character varying NOT NULL, "password_digest" character varying NOT NULL, "session_token" character varying NOT NULL, "created_at" timestamp NOT NULL, "updated_at" timestamp NOT NULL)[0m
  [1m[35m (24.9ms)[0m  [1m[35mCREATE UNIQUE INDEX  "index_users_on_username" ON "users"  ("username")[0m
  [1m[35m (1.2ms)[0m  [1m[35mCREATE UNIQUE INDEX  "index_users_on_session_token" ON "users"  ("session_token")[0m
  [1m[35mSQL (0.6ms)[0m  [1m[32mINSERT INTO "schema_migrations" ("version") VALUES ($1) RETURNING "version"[0m  [["version", "20180717180123"]]
  [1m[35m (32.8ms)[0m  [1m[35mCOMMIT[0m
  [1m[36mActiveRecord::InternalMetadata Load (0.7ms)[0m  [1m[34mSELECT  "ar_internal_metadata".* FROM "ar_internal_metadata" WHERE "ar_internal_metadata"."key" = $1 LIMIT $2[0m  [["key", "environment"], ["LIMIT", 1]]
  [1m[35m (0.2ms)[0m  [1m[35mBEGIN[0m
  [1m[35mSQL (0.7ms)[0m  [1m[32mINSERT INTO "ar_internal_metadata" ("key", "value", "created_at", "updated_at") VALUES ($1, $2, $3, $4) RETURNING "key"[0m  [["key", "environment"], ["value", "development"], ["created_at", "2018-07-17 18:03:37.814745"], ["updated_at", "2018-07-17 18:03:37.814745"]]
  [1m[35m (0.5ms)[0m  [1m[35mCOMMIT[0m
  [1m[35m (0.3ms)[0m  [1m[34mSELECT pg_advisory_unlock(6711173107426626090)[0m
  [1m[35m (0.6ms)[0m  [1m[34mSELECT "schema_migrations"."version" FROM "schema_migrations" ORDER BY "schema_migrations"."version" ASC[0m
Started GET "/" for 127.0.0.1 at 2018-07-17 11:27:04 -0700
  [1m[35m (15.1ms)[0m  [1m[34mSELECT "schema_migrations"."version" FROM "schema_migrations" ORDER BY "schema_migrations"."version" ASC[0m
Processing by Rails::WelcomeController#index as HTML
  Rendering /usr/local/var/rbenv/versions/2.5.0/lib/ruby/gems/2.5.0/gems/railties-5.1.6/lib/rails/templates/rails/welcome/index.html.erb
  Rendered /usr/local/var/rbenv/versions/2.5.0/lib/ruby/gems/2.5.0/gems/railties-5.1.6/lib/rails/templates/rails/welcome/index.html.erb (5.0ms)
Completed 200 OK in 102ms (Views: 58.0ms | ActiveRecord: 0.0ms)


Started GET "/users/new" for 127.0.0.1 at 2018-07-17 11:27:10 -0700
Processing by UsersController#new as HTML
  Rendering users/new.html.erb within layouts/application
  Rendered users/new.html.erb within layouts/application (0.8ms)
Completed 200 OK in 1127ms (Views: 1024.0ms | ActiveRecord: 33.6ms)


Started POST "/users" for 127.0.0.1 at 2018-07-17 11:27:22 -0700
Processing by UsersController#create as HTML
  Parameters: {"authenticity_token"=>"Olv+KT9NWaRwufAYqj8NHPTsY1jsQccJqmIVN0gN6YyqwToTax0R/ggcwEYW7fZZtn2rE3cbu22ZAIupXf33Kw==", "user"=>{"username"=>"jeremiah", "password"=>"[FILTERED]"}}
Completed 500 Internal Server Error in 3ms (ActiveRecord: 0.0ms)


  
NameError (uninitialized constant User::BCrypt):
  
app/models/user.rb:21:in `password='
app/controllers/users_controller.rb:9:in `create'
Started POST "/users" for 127.0.0.1 at 2018-07-17 11:28:57 -0700
  [1m[35m (13.7ms)[0m  [1m[34mSELECT "schema_migrations"."version" FROM "schema_migrations" ORDER BY "schema_migrations"."version" ASC[0m
Processing by UsersController#create as HTML
  Parameters: {"authenticity_token"=>"Olv+KT9NWaRwufAYqj8NHPTsY1jsQccJqmIVN0gN6YyqwToTax0R/ggcwEYW7fZZtn2rE3cbu22ZAIupXf33Kw==", "user"=>{"username"=>"jeremiah", "password"=>"[FILTERED]"}}
  [1m[35m (0.3ms)[0m  [1m[35mBEGIN[0m
  [1m[35mSQL (2.6ms)[0m  [1m[32mINSERT INTO "users" ("username", "password_digest", "session_token", "created_at", "updated_at") VALUES ($1, $2, $3, $4, $5) RETURNING "id"[0m  [["username", "jeremiah"], ["password_digest", "$2a$10$zwPTg.4ZkqMDX5BsLQtUfOA/d1m5.pECaz9Gcmg2xwm/Xc3jFQNUS"], ["session_token", "uFhfXW5gTJKbM1vJJt2UlA"], ["created_at", "2018-07-17 18:28:58.469109"], ["updated_at", "2018-07-17 18:28:58.469109"]]
  [1m[35m (23.7ms)[0m  [1m[35mCOMMIT[0m
Completed 500 Internal Server Error in 156ms (ActiveRecord: 34.7ms)



ArgumentError - wrong number of arguments (given 1, expected 0):
  app/models/user.rb:14:in `reset_session_token!'
  app/controllers/application_controller.rb:7:in `login_user'
  app/controllers/users_controller.rb:11:in `create'

Started POST "/__better_errors/e49a1100eecfc89f/variables" for 127.0.0.1 at 2018-07-17 11:28:58 -0700
Started POST "/users" for 127.0.0.1 at 2018-07-17 11:29:33 -0700
Processing by UsersController#create as HTML
  Parameters: {"authenticity_token"=>"Olv+KT9NWaRwufAYqj8NHPTsY1jsQccJqmIVN0gN6YyqwToTax0R/ggcwEYW7fZZtn2rE3cbu22ZAIupXf33Kw==", "user"=>{"username"=>"jeremiah", "password"=>"[FILTERED]"}}
  [1m[35m (0.6ms)[0m  [1m[35mBEGIN[0m
  [1m[35mSQL (50.3ms)[0m  [1m[32mINSERT INTO "users" ("username", "password_digest", "session_token", "created_at", "updated_at") VALUES ($1, $2, $3, $4, $5) RETURNING "id"[0m  [["username", "jeremiah"], ["password_digest", "$2a$10$lqL.W7VM3CRNi5aYq1aZXe/gdx4uRR279VUU7XlIm7WDv/xmEjnAm"], ["session_token", "22ViKPZPHBjqiRhVcWZOHQ"], ["created_at", "2018-07-17 18:29:33.918708"], ["updated_at", "2018-07-17 18:29:33.918708"]]
  [1m[35m (0.2ms)[0m  [1m[31mROLLBACK[0m
Completed 500 Internal Server Error in 148ms (ActiveRecord: 56.5ms)



PG::UniqueViolation - ERROR:  duplicate key value violates unique constraint "index_users_on_username"
DETAIL:  Key (username)=(jeremiah) already exists.
:
  app/controllers/users_controller.rb:10:in `create'

Started POST "/__better_errors/948c0d1ccb51ffd4/variables" for 127.0.0.1 at 2018-07-17 11:29:34 -0700
Started POST "/users" for 127.0.0.1 at 2018-07-17 11:29:53 -0700
Processing by UsersController#create as HTML
  Parameters: {"authenticity_token"=>"Olv+KT9NWaRwufAYqj8NHPTsY1jsQccJqmIVN0gN6YyqwToTax0R/ggcwEYW7fZZtn2rE3cbu22ZAIupXf33Kw==", "user"=>{"username"=>"whitman", "password"=>"[FILTERED]"}}
  [1m[35m (0.2ms)[0m  [1m[35mBEGIN[0m
  [1m[35mSQL (0.5ms)[0m  [1m[32mINSERT INTO "users" ("username", "password_digest", "session_token", "created_at", "updated_at") VALUES ($1, $2, $3, $4, $5) RETURNING "id"[0m  [["username", "whitman"], ["password_digest", "$2a$10$0rHGF0sHljXws.YfTHlUUuLSJog3gISa6HIJPAXWCC02zgJVGDsPe"], ["session_token", "pQYjqCU2VguLrSl5H4Pbkg"], ["created_at", "2018-07-17 18:29:53.187756"], ["updated_at", "2018-07-17 18:29:53.187756"]]
  [1m[35m (0.5ms)[0m  [1m[35mCOMMIT[0m
  [1m[35m (0.1ms)[0m  [1m[35mBEGIN[0m
  [1m[35mSQL (0.8ms)[0m  [1m[33mUPDATE "users" SET "session_token" = $1, "updated_at" = $2 WHERE "users"."id" = $3[0m  [["session_token", "LKRWez6wLDelKlLpUfLaUA"], ["updated_at", "2018-07-17 18:29:53.190642"], ["id", 3]]
  [1m[35m (0.4ms)[0m  [1m[35mCOMMIT[0m
No template found for UsersController#create, rendering head :no_content
Completed 204 No Content in 182ms (ActiveRecord: 2.5ms)


Started GET "/session/new" for 127.0.0.1 at 2018-07-17 11:30:04 -0700
Processing by SessionsController#new as HTML
  Rendering sessions/new.html.erb within layouts/application
  Rendered sessions/new.html.erb within layouts/application (6.9ms)
Completed 500 Internal Server Error in 49ms (ActiveRecord: 0.0ms)



NoMethodError - undefined method `username' for nil:NilClass:
  app/views/sessions/new.html.erb:5:in `_app_views_sessions_new_html_erb___517925033479596206_70162130588260'
  app/controllers/sessions_controller.rb:4:in `new'

Started POST "/__better_errors/a5e5acddbd9f31f2/variables" for 127.0.0.1 at 2018-07-17 11:30:07 -0700
Started GET "/session/new" for 127.0.0.1 at 2018-07-17 11:31:10 -0700
Processing by SessionsController#new as HTML
  Rendering sessions/new.html.erb within layouts/application
  Rendered sessions/new.html.erb within layouts/application (0.7ms)
Completed 200 OK in 362ms (Views: 361.2ms | ActiveRecord: 0.0ms)


Started POST "/users" for 127.0.0.1 at 2018-07-17 11:31:17 -0700
Processing by UsersController#create as HTML
  Parameters: {"authenticity_token"=>"jNZle1cKYz5wLHwMBSwzQlCWCHDfGkAiRM4FnyLmiJQcTKFBA1orZAiJTFK5/sgHEgfAO0RAPEZ3rJsBNxaWMw==", "user"=>{"username"=>"whitman", "password"=>"[FILTERED]"}}
  [1m[35m (0.2ms)[0m  [1m[35mBEGIN[0m
  [1m[35mSQL (44.1ms)[0m  [1m[32mINSERT INTO "users" ("username", "password_digest", "session_token", "created_at", "updated_at") VALUES ($1, $2, $3, $4, $5) RETURNING "id"[0m  [["username", "whitman"], ["password_digest", "$2a$10$lXqO2l.aBO3Pf2CKTkuUpum7AFhGrZaAoxBhxf8q.Wvy5QBhMFsaq"], ["session_token", "YyG549qlMTeC3G0h_qxpkw"], ["created_at", "2018-07-17 18:31:17.107698"], ["updated_at", "2018-07-17 18:31:17.107698"]]
  [1m[35m (0.2ms)[0m  [1m[31mROLLBACK[0m
Completed 500 Internal Server Error in 126ms (ActiveRecord: 44.5ms)



PG::UniqueViolation - ERROR:  duplicate key value violates unique constraint "index_users_on_username"
DETAIL:  Key (username)=(whitman) already exists.
:
  app/controllers/users_controller.rb:10:in `create'

Started POST "/__better_errors/bac10bdc8aea18e1/variables" for 127.0.0.1 at 2018-07-17 11:31:17 -0700
Started POST "/users" for 127.0.0.1 at 2018-07-17 11:31:43 -0700
Processing by UsersController#create as HTML
  Parameters: {"authenticity_token"=>"jNZle1cKYz5wLHwMBSwzQlCWCHDfGkAiRM4FnyLmiJQcTKFBA1orZAiJTFK5/sgHEgfAO0RAPEZ3rJsBNxaWMw==", "user"=>{"username"=>"whitman", "password"=>"[FILTERED]"}}
  [1m[35m (0.2ms)[0m  [1m[35mBEGIN[0m
  [1m[35mSQL (1.7ms)[0m  [1m[32mINSERT INTO "users" ("username", "password_digest", "session_token", "created_at", "updated_at") VALUES ($1, $2, $3, $4, $5) RETURNING "id"[0m  [["username", "whitman"], ["password_digest", "$2a$10$/RfvNLaXskaMwnv973zP0emH3r4OrBo3rU7sI4lzmQxa5mvTnN48i"], ["session_token", "6NAXvaWCaokQUWhQiAOb2g"], ["created_at", "2018-07-17 18:31:43.932031"], ["updated_at", "2018-07-17 18:31:43.932031"]]
  [1m[35m (0.2ms)[0m  [1m[31mROLLBACK[0m
Completed 500 Internal Server Error in 85ms (ActiveRecord: 2.0ms)



PG::UniqueViolation - ERROR:  duplicate key value violates unique constraint "index_users_on_username"
DETAIL:  Key (username)=(whitman) already exists.
:
  app/controllers/users_controller.rb:10:in `create'

Started POST "/__better_errors/ca160a2d67ad4fa7/variables" for 127.0.0.1 at 2018-07-17 11:31:43 -0700
Started GET "/session/new" for 127.0.0.1 at 2018-07-17 11:31:49 -0700
Processing by SessionsController#new as HTML
  Rendering sessions/new.html.erb within layouts/application
  Rendered sessions/new.html.erb within layouts/application (1.2ms)
Completed 200 OK in 142ms (Views: 141.6ms | ActiveRecord: 0.0ms)


Started POST "/session" for 127.0.0.1 at 2018-07-17 11:31:55 -0700
Processing by SessionsController#create as HTML
  Parameters: {"authenticity_token"=>"1l5CnqKW1S10mKnlRkhy6cmOGv8jfeCt54kbyAfoaGxGxIak9saddww9mbv6momsix/StLgnnMnU64VWEhh2yw==", "user"=>{"username"=>"whitman", "password"=>"[FILTERED]"}}
  [1m[36mUser Load (0.4ms)[0m  [1m[34mSELECT  "users".* FROM "users" WHERE "users"."username" = $1 LIMIT $2[0m  [["username", "whitman"], ["LIMIT", 1]]
Completed 500 Internal Server Error in 264ms (ActiveRecord: 0.8ms)



NoMethodError - undefined method `login' for #<SessionsController:0x00007f9fcbcc7410>:
  app/controllers/sessions_controller.rb:10:in `create'

Started POST "/__better_errors/01143c292978ba03/variables" for 127.0.0.1 at 2018-07-17 11:31:55 -0700
Started GET "/session/new" for 127.0.0.1 at 2018-07-17 11:32:23 -0700
Processing by SessionsController#new as HTML
  Rendering sessions/new.html.erb within layouts/application
  Rendered sessions/new.html.erb within layouts/application (1.2ms)
Completed 200 OK in 156ms (Views: 154.9ms | ActiveRecord: 0.0ms)


Started POST "/session" for 127.0.0.1 at 2018-07-17 11:32:30 -0700
Processing by SessionsController#create as HTML
  Parameters: {"authenticity_token"=>"DxrE5sLT9JAo28jmUPC7uNgblNtDdrivzb9vChTQyCOfgADcloO8ylB++LjsIkD9mopckNgsxMv+3fGUASDWhA==", "user"=>{"username"=>"whitman", "password"=>"[FILTERED]"}}
  [1m[36mUser Load (0.7ms)[0m  [1m[34mSELECT  "users".* FROM "users" WHERE "users"."username" = $1 LIMIT $2[0m  [["username", "whitman"], ["LIMIT", 1]]
  [1m[35m (0.2ms)[0m  [1m[35mBEGIN[0m
  [1m[35mSQL (0.6ms)[0m  [1m[33mUPDATE "users" SET "session_token" = $1, "updated_at" = $2 WHERE "users"."id" = $3[0m  [["session_token", "xu2lN8KK_jDcXTnn_9bL3w"], ["updated_at", "2018-07-17 18:32:30.199463"], ["id", 3]]
  [1m[35m (0.9ms)[0m  [1m[35mCOMMIT[0m
No template found for SessionsController#create, rendering head :no_content
Completed 204 No Content in 245ms (ActiveRecord: 9.1ms)


  [1m[35m (0.3ms)[0m  [1m[34mSELECT pg_try_advisory_lock(6711173107426626090)[0m
  [1m[35m (13.4ms)[0m  [1m[34mSELECT "schema_migrations"."version" FROM "schema_migrations" ORDER BY "schema_migrations"."version" ASC[0m
Migrating to CreateSubs (20180717183320)
  [1m[35m (0.3ms)[0m  [1m[35mBEGIN[0m
  [1m[35m (9.0ms)[0m  [1m[35mCREATE TABLE "subs" ("id" bigserial primary key, "title" character varying NOT NULL, "description" text NOT NULL, "moderator_id" integer NOT NULL, "created_at" timestamp NOT NULL, "updated_at" timestamp NOT NULL)[0m
  [1m[35m (1.5ms)[0m  [1m[35mCREATE  INDEX  "index_subs_on_moderator_id" ON "subs"  ("moderator_id")[0m
  [1m[35mSQL (0.6ms)[0m  [1m[32mINSERT INTO "schema_migrations" ("version") VALUES ($1) RETURNING "version"[0m  [["version", "20180717183320"]]
  [1m[35m (1.4ms)[0m  [1m[35mCOMMIT[0m
  [1m[36mActiveRecord::InternalMetadata Load (0.6ms)[0m  [1m[34mSELECT  "ar_internal_metadata".* FROM "ar_internal_metadata" WHERE "ar_internal_metadata"."key" = $1 LIMIT $2[0m  [["key", "environment"], ["LIMIT", 1]]
  [1m[35m (0.2ms)[0m  [1m[35mBEGIN[0m
  [1m[35m (0.2ms)[0m  [1m[35mCOMMIT[0m
  [1m[35m (0.4ms)[0m  [1m[34mSELECT pg_advisory_unlock(6711173107426626090)[0m
  [1m[35m (0.6ms)[0m  [1m[34mSELECT "schema_migrations"."version" FROM "schema_migrations" ORDER BY "schema_migrations"."version" ASC[0m
Started GET "/session/new" for 127.0.0.1 at 2018-07-17 11:55:33 -0700
  [1m[35m (0.3ms)[0m  [1m[34mSELECT "schema_migrations"."version" FROM "schema_migrations" ORDER BY "schema_migrations"."version" ASC[0m
Processing by SessionsController#new as HTML
  Rendering sessions/new.html.erb within layouts/application
  Rendered sessions/new.html.erb within layouts/application (1.2ms)
Completed 200 OK in 127ms (Views: 125.9ms | ActiveRecord: 0.0ms)


Started POST "/session" for 127.0.0.1 at 2018-07-17 11:55:39 -0700
Processing by SessionsController#create as HTML
  Parameters: {"authenticity_token"=>"56VgpVZj2EVQF/ElLQfi1T733cTT0y6p+Xc1Fic43t53P6SfAjOQHyiywXuR1RmQfGYVj0iJUs3KFauIMsjAeQ==", "user"=>{"username"=>"jeremiah", "password"=>"[FILTERED]"}}
  [1m[36mUser Load (0.5ms)[0m  [1m[34mSELECT  "users".* FROM "users" WHERE "users"."username" = $1 LIMIT $2[0m  [["username", "jeremiah"], ["LIMIT", 1]]
  [1m[35m (0.2ms)[0m  [1m[35mBEGIN[0m
  [1m[35mSQL (0.6ms)[0m  [1m[33mUPDATE "users" SET "session_token" = $1, "updated_at" = $2 WHERE "users"."id" = $3[0m  [["session_token", "FPjupBeh8-i4lcooi5ZPOQ"], ["updated_at", "2018-07-17 18:55:39.811428"], ["id", 1]]
  [1m[35m (0.6ms)[0m  [1m[35mCOMMIT[0m
Redirected to http://localhost:3000/subs
Completed 302 Found in 200ms (ActiveRecord: 7.8ms)


Started GET "/subs" for 127.0.0.1 at 2018-07-17 11:55:39 -0700
Processing by SubsController#index as HTML
  [1m[36mUser Load (0.6ms)[0m  [1m[34mSELECT  "users".* FROM "users" WHERE "users"."session_token" = $1 LIMIT $2[0m  [["session_token", "FPjupBeh8-i4lcooi5ZPOQ"], ["LIMIT", 1]]
  Rendering subs/index.html.erb within layouts/application
  [1m[36mSub Load (10.7ms)[0m  [1m[34mSELECT "subs".* FROM "subs"[0m
  Rendered subs/index.html.erb within layouts/application (16.1ms)
Completed 200 OK in 83ms (Views: 45.4ms | ActiveRecord: 13.9ms)


Started GET "/subs/new" for 127.0.0.1 at 2018-07-17 11:55:42 -0700
Processing by SubsController#new as HTML
  [1m[36mUser Load (0.5ms)[0m  [1m[34mSELECT  "users".* FROM "users" WHERE "users"."session_token" = $1 LIMIT $2[0m  [["session_token", "FPjupBeh8-i4lcooi5ZPOQ"], ["LIMIT", 1]]
  Rendering subs/new.html.erb within layouts/application
  Rendered subs/new.html.erb within layouts/application (0.8ms)
Completed 200 OK in 84ms (Views: 68.4ms | ActiveRecord: 3.3ms)


Started POST "/subs" for 127.0.0.1 at 2018-07-17 11:55:56 -0700
Processing by SubsController#create as HTML
  Parameters: {"authenticity_token"=>"YwThZaEgG1NQo721FgOj/WoRXdIyxNJ0F+B6QvR7EbvzniVf9XBTCSgGjeuq0Vi4KICVmamerhAkguTc4YsPHA==", "sub"=>{"title"=>"Brave New Sub", "description"=>"Sub for fun"}}
  [1m[36mUser Load (0.4ms)[0m  [1m[34mSELECT  "users".* FROM "users" WHERE "users"."session_token" = $1 LIMIT $2[0m  [["session_token", "FPjupBeh8-i4lcooi5ZPOQ"], ["LIMIT", 1]]
  [1m[35m (0.2ms)[0m  [1m[35mBEGIN[0m
  [1m[36mUser Load (0.4ms)[0m  [1m[34mSELECT  "users".* FROM "users" WHERE "users"."id" = $1 LIMIT $2[0m  [["id", 1], ["LIMIT", 1]]
  [1m[35mSQL (20.6ms)[0m  [1m[32mINSERT INTO "subs" ("title", "description", "moderator_id", "created_at", "updated_at") VALUES ($1, $2, $3, $4, $5) RETURNING "id"[0m  [["title", "Brave New Sub"], ["description", "Sub for fun"], ["moderator_id", 1], ["created_at", "2018-07-17 18:55:56.934985"], ["updated_at", "2018-07-17 18:55:56.934985"]]
  [1m[35m (0.5ms)[0m  [1m[35mCOMMIT[0m
Redirected to http://localhost:3000/subs/1
Completed 302 Found in 103ms (ActiveRecord: 22.1ms)


Started GET "/subs/1" for 127.0.0.1 at 2018-07-17 11:55:56 -0700
Processing by SubsController#show as HTML
  Parameters: {"id"=>"1"}
  [1m[36mUser Load (0.4ms)[0m  [1m[34mSELECT  "users".* FROM "users" WHERE "users"."session_token" = $1 LIMIT $2[0m  [["session_token", "FPjupBeh8-i4lcooi5ZPOQ"], ["LIMIT", 1]]
  [1m[36mSub Load (0.5ms)[0m  [1m[34mSELECT  "subs".* FROM "subs" WHERE "subs"."id" = $1 LIMIT $2[0m  [["id", 1], ["LIMIT", 1]]
  Rendering subs/show.html.erb within layouts/application
  [1m[36mUser Load (0.5ms)[0m  [1m[34mSELECT  "users".* FROM "users" WHERE "users"."id" = $1 LIMIT $2[0m  [["id", 1], ["LIMIT", 1]]
  Rendered subs/show.html.erb within layouts/application (2.6ms)
Completed 200 OK in 47ms (Views: 42.9ms | ActiveRecord: 1.3ms)


Started GET "/subs/1/edit" for 127.0.0.1 at 2018-07-17 11:55:59 -0700
Processing by SubsController#edit as HTML
  Parameters: {"id"=>"1"}
  [1m[36mUser Load (0.4ms)[0m  [1m[34mSELECT  "users".* FROM "users" WHERE "users"."session_token" = $1 LIMIT $2[0m  [["session_token", "FPjupBeh8-i4lcooi5ZPOQ"], ["LIMIT", 1]]
  [1m[36mSub Load (0.4ms)[0m  [1m[34mSELECT  "subs".* FROM "subs" WHERE "subs"."id" = $1 LIMIT $2[0m  [["id", 1], ["LIMIT", 1]]
  Rendering subs/edit.html.erb within layouts/application
  Rendered subs/edit.html.erb within layouts/application (0.8ms)
Completed 200 OK in 71ms (Views: 67.3ms | ActiveRecord: 0.8ms)


Started PATCH "/subs/1/edit" for 127.0.0.1 at 2018-07-17 11:56:07 -0700
  
ActionController::RoutingError (No route matches [PATCH] "/subs/1/edit"):
  
actionpack (5.1.6) lib/action_dispatch/middleware/debug_exceptions.rb:63:in `call'
web-console (3.6.2) lib/web_console/middleware.rb:135:in `call_app'
web-console (3.6.2) lib/web_console/middleware.rb:30:in `block in call'
web-console (3.6.2) lib/web_console/middleware.rb:20:in `catch'
web-console (3.6.2) lib/web_console/middleware.rb:20:in `call'
actionpack (5.1.6) lib/action_dispatch/middleware/show_exceptions.rb:31:in `call'
railties (5.1.6) lib/rails/rack/logger.rb:36:in `call_app'
railties (5.1.6) lib/rails/rack/logger.rb:24:in `block in call'
activesupport (5.1.6) lib/active_support/tagged_logging.rb:69:in `block in tagged'
activesupport (5.1.6) lib/active_support/tagged_logging.rb:26:in `tagged'
activesupport (5.1.6) lib/active_support/tagged_logging.rb:69:in `tagged'
railties (5.1.6) lib/rails/rack/logger.rb:24:in `call'
sprockets-rails (3.2.1) lib/sprockets/rails/quiet_assets.rb:13:in `call'
actionpack (5.1.6) lib/action_dispatch/middleware/remote_ip.rb:79:in `call'
actionpack (5.1.6) lib/action_dispatch/middleware/request_id.rb:25:in `call'
rack (2.0.5) lib/rack/method_override.rb:22:in `call'
rack (2.0.5) lib/rack/runtime.rb:22:in `call'
activesupport (5.1.6) lib/active_support/cache/strategy/local_cache_middleware.rb:27:in `call'
actionpack (5.1.6) lib/action_dispatch/middleware/executor.rb:12:in `call'
actionpack (5.1.6) lib/action_dispatch/middleware/static.rb:125:in `call'
rack (2.0.5) lib/rack/sendfile.rb:111:in `call'
railties (5.1.6) lib/rails/engine.rb:522:in `call'
puma (3.12.0) lib/puma/configuration.rb:225:in `call'
puma (3.12.0) lib/puma/server.rb:658:in `handle_request'
puma (3.12.0) lib/puma/server.rb:472:in `process_client'
puma (3.12.0) lib/puma/server.rb:332:in `block in run'
puma (3.12.0) lib/puma/thread_pool.rb:133:in `block in spawn_thread'
Started GET "/subs/1/edit" for 127.0.0.1 at 2018-07-17 11:57:18 -0700
Processing by SubsController#edit as HTML
  Parameters: {"id"=>"1"}
  [1m[36mUser Load (0.4ms)[0m  [1m[34mSELECT  "users".* FROM "users" WHERE "users"."session_token" = $1 LIMIT $2[0m  [["session_token", "FPjupBeh8-i4lcooi5ZPOQ"], ["LIMIT", 1]]
  [1m[36mSub Load (0.3ms)[0m  [1m[34mSELECT  "subs".* FROM "subs" WHERE "subs"."id" = $1 LIMIT $2[0m  [["id", 1], ["LIMIT", 1]]
  Rendering subs/edit.html.erb within layouts/application
  Rendered subs/edit.html.erb within layouts/application (1.4ms)
Completed 200 OK in 117ms (Views: 113.4ms | ActiveRecord: 0.8ms)


Started PATCH "/subs/1" for 127.0.0.1 at 2018-07-17 11:57:27 -0700
Processing by SubsController#update as HTML
  Parameters: {"authenticity_token"=>"0ubeuq8jd5PBCnuSCSt4X+Zzw8pRWGU/nxAtHqnuDjVCfBqA+3M/ybmvS8y1+YMapOILgcoCGVuscrOAvB4Qkg==", "sub"=>{"title"=>"Brave New Sub", "description"=>"Sub for discussion"}, "id"=>"1"}
  [1m[36mUser Load (0.4ms)[0m  [1m[34mSELECT  "users".* FROM "users" WHERE "users"."session_token" = $1 LIMIT $2[0m  [["session_token", "FPjupBeh8-i4lcooi5ZPOQ"], ["LIMIT", 1]]
  [1m[36mSub Load (0.5ms)[0m  [1m[34mSELECT  "subs".* FROM "subs" WHERE "subs"."id" = $1 LIMIT $2[0m  [["id", 1], ["LIMIT", 1]]
  [1m[35m (0.1ms)[0m  [1m[35mBEGIN[0m
  [1m[36mUser Load (0.4ms)[0m  [1m[34mSELECT  "users".* FROM "users" WHERE "users"."id" = $1 LIMIT $2[0m  [["id", 1], ["LIMIT", 1]]
  [1m[35mSQL (0.6ms)[0m  [1m[33mUPDATE "subs" SET "description" = $1, "updated_at" = $2 WHERE "subs"."id" = $3[0m  [["description", "Sub for discussion"], ["updated_at", "2018-07-17 18:57:27.706313"], ["id", 1]]
  [1m[35m (0.5ms)[0m  [1m[35mCOMMIT[0m
Redirected to http://localhost:3000/subs/1
Completed 302 Found in 10ms (ActiveRecord: 2.5ms)


Started GET "/subs/1" for 127.0.0.1 at 2018-07-17 11:57:27 -0700
Processing by SubsController#show as HTML
  Parameters: {"id"=>"1"}
  [1m[36mUser Load (0.2ms)[0m  [1m[34mSELECT  "users".* FROM "users" WHERE "users"."session_token" = $1 LIMIT $2[0m  [["session_token", "FPjupBeh8-i4lcooi5ZPOQ"], ["LIMIT", 1]]
  [1m[36mSub Load (0.4ms)[0m  [1m[34mSELECT  "subs".* FROM "subs" WHERE "subs"."id" = $1 LIMIT $2[0m  [["id", 1], ["LIMIT", 1]]
  Rendering subs/show.html.erb within layouts/application
  [1m[36mUser Load (0.5ms)[0m  [1m[34mSELECT  "users".* FROM "users" WHERE "users"."id" = $1 LIMIT $2[0m  [["id", 1], ["LIMIT", 1]]
  Rendered subs/show.html.erb within layouts/application (2.9ms)
Completed 200 OK in 80ms (Views: 77.2ms | ActiveRecord: 1.1ms)


Started GET "/subs" for 127.0.0.1 at 2018-07-17 11:57:36 -0700
Processing by SubsController#index as HTML
  [1m[36mUser Load (0.3ms)[0m  [1m[34mSELECT  "users".* FROM "users" WHERE "users"."session_token" = $1 LIMIT $2[0m  [["session_token", "FPjupBeh8-i4lcooi5ZPOQ"], ["LIMIT", 1]]
  Rendering subs/index.html.erb within layouts/application
  [1m[36mSub Load (0.5ms)[0m  [1m[34mSELECT "subs".* FROM "subs"[0m
  Rendered subs/index.html.erb within layouts/application (1.9ms)
Completed 200 OK in 71ms (Views: 68.8ms | ActiveRecord: 0.8ms)


Started GET "/subs/new" for 127.0.0.1 at 2018-07-17 11:57:37 -0700
Processing by SubsController#new as HTML
  [1m[36mUser Load (0.3ms)[0m  [1m[34mSELECT  "users".* FROM "users" WHERE "users"."session_token" = $1 LIMIT $2[0m  [["session_token", "FPjupBeh8-i4lcooi5ZPOQ"], ["LIMIT", 1]]
  Rendering subs/new.html.erb within layouts/application
  Rendered subs/new.html.erb within layouts/application (1.0ms)
Completed 200 OK in 46ms (Views: 43.6ms | ActiveRecord: 0.3ms)


Started POST "/subs" for 127.0.0.1 at 2018-07-17 11:58:04 -0700
Processing by SubsController#create as HTML
  Parameters: {"authenticity_token"=>"EMBek22XbQnkJlZ2ZUnbz1J8MHT9Md7m7+nPldurhviAWpqpOcclU5yDZijZmyCKEO34P2ZrooLci1ELzluYXw==", "sub"=>{"title"=>"Hoagie", "description"=>"What they calls subs back east"}}
  [1m[36mUser Load (0.7ms)[0m  [1m[34mSELECT  "users".* FROM "users" WHERE "users"."session_token" = $1 LIMIT $2[0m  [["session_token", "FPjupBeh8-i4lcooi5ZPOQ"], ["LIMIT", 1]]
  [1m[35m (0.2ms)[0m  [1m[35mBEGIN[0m
  [1m[36mUser Load (0.4ms)[0m  [1m[34mSELECT  "users".* FROM "users" WHERE "users"."id" = $1 LIMIT $2[0m  [["id", 1], ["LIMIT", 1]]
  [1m[35mSQL (0.5ms)[0m  [1m[32mINSERT INTO "subs" ("title", "description", "moderator_id", "created_at", "updated_at") VALUES ($1, $2, $3, $4, $5) RETURNING "id"[0m  [["title", "Hoagie"], ["description", "What they calls subs back east"], ["moderator_id", 1], ["created_at", "2018-07-17 18:58:04.594290"], ["updated_at", "2018-07-17 18:58:04.594290"]]
  [1m[35m (0.5ms)[0m  [1m[35mCOMMIT[0m
Redirected to http://localhost:3000/subs/2
Completed 302 Found in 8ms (ActiveRecord: 2.4ms)


Started GET "/subs/2" for 127.0.0.1 at 2018-07-17 11:58:04 -0700
Processing by SubsController#show as HTML
  Parameters: {"id"=>"2"}
  [1m[36mUser Load (0.3ms)[0m  [1m[34mSELECT  "users".* FROM "users" WHERE "users"."session_token" = $1 LIMIT $2[0m  [["session_token", "FPjupBeh8-i4lcooi5ZPOQ"], ["LIMIT", 1]]
  [1m[36mSub Load (0.3ms)[0m  [1m[34mSELECT  "subs".* FROM "subs" WHERE "subs"."id" = $1 LIMIT $2[0m  [["id", 2], ["LIMIT", 1]]
  Rendering subs/show.html.erb within layouts/application
  [1m[36mUser Load (0.5ms)[0m  [1m[34mSELECT  "users".* FROM "users" WHERE "users"."id" = $1 LIMIT $2[0m  [["id", 1], ["LIMIT", 1]]
  Rendered subs/show.html.erb within layouts/application (3.0ms)
Completed 200 OK in 29ms (Views: 26.1ms | ActiveRecord: 1.1ms)


Started GET "/subs" for 127.0.0.1 at 2018-07-17 11:58:08 -0700
Processing by SubsController#index as HTML
  [1m[36mUser Load (0.3ms)[0m  [1m[34mSELECT  "users".* FROM "users" WHERE "users"."session_token" = $1 LIMIT $2[0m  [["session_token", "FPjupBeh8-i4lcooi5ZPOQ"], ["LIMIT", 1]]
  Rendering subs/index.html.erb within layouts/application
  [1m[36mSub Load (0.5ms)[0m  [1m[34mSELECT "subs".* FROM "subs"[0m
  Rendered subs/index.html.erb within layouts/application (2.9ms)
Completed 200 OK in 32ms (Views: 29.5ms | ActiveRecord: 0.8ms)


Started GET "/subs" for 127.0.0.1 at 2018-07-17 12:02:03 -0700
Processing by SubsController#index as HTML
  [1m[36mUser Load (0.3ms)[0m  [1m[34mSELECT  "users".* FROM "users" WHERE "users"."session_token" = $1 LIMIT $2[0m  [["session_token", "FPjupBeh8-i4lcooi5ZPOQ"], ["LIMIT", 1]]
  Rendering subs/index.html.erb within layouts/application
  [1m[36mSub Load (0.5ms)[0m  [1m[34mSELECT "subs".* FROM "subs"[0m
  Rendered subs/index.html.erb within layouts/application (14.0ms)
Completed 200 OK in 170ms (Views: 95.8ms | ActiveRecord: 12.8ms)


Started GET "/subs/1" for 127.0.0.1 at 2018-07-17 12:02:09 -0700
Processing by SubsController#show as HTML
  Parameters: {"id"=>"1"}
  [1m[36mUser Load (0.3ms)[0m  [1m[34mSELECT  "users".* FROM "users" WHERE "users"."session_token" = $1 LIMIT $2[0m  [["session_token", "FPjupBeh8-i4lcooi5ZPOQ"], ["LIMIT", 1]]
  [1m[36mSub Load (0.3ms)[0m  [1m[34mSELECT  "subs".* FROM "subs" WHERE "subs"."id" = $1 LIMIT $2[0m  [["id", 1], ["LIMIT", 1]]
  Rendering subs/show.html.erb within layouts/application
  [1m[36mUser Load (0.3ms)[0m  [1m[34mSELECT  "users".* FROM "users" WHERE "users"."id" = $1 LIMIT $2[0m  [["id", 1], ["LIMIT", 1]]
  Rendered subs/show.html.erb within layouts/application (5.1ms)
Completed 200 OK in 37ms (Views: 31.9ms | ActiveRecord: 0.9ms)


Started GET "/subs/1/edit" for 127.0.0.1 at 2018-07-17 12:02:11 -0700
Processing by SubsController#edit as HTML
  Parameters: {"id"=>"1"}
  [1m[36mUser Load (0.3ms)[0m  [1m[34mSELECT  "users".* FROM "users" WHERE "users"."session_token" = $1 LIMIT $2[0m  [["session_token", "FPjupBeh8-i4lcooi5ZPOQ"], ["LIMIT", 1]]
  [1m[36mSub Load (0.3ms)[0m  [1m[34mSELECT  "subs".* FROM "subs" WHERE "subs"."id" = $1 LIMIT $2[0m  [["id", 1], ["LIMIT", 1]]
  Rendering subs/edit.html.erb within layouts/application
  Rendered subs/edit.html.erb within layouts/application (1.3ms)
Completed 200 OK in 39ms (Views: 35.8ms | ActiveRecord: 0.5ms)


Started PATCH "/subs/1" for 127.0.0.1 at 2018-07-17 12:02:19 -0700
Processing by SubsController#update as HTML
  Parameters: {"authenticity_token"=>"EGJv4v6jqyd4UiU8s/wI48XVYF42K5YcWNgQ5OLZ1P6A+KvYqvPjfQD3FWIPLvOmh0SoFa1x6nhruo569ynKWQ==", "sub"=>{"title"=>"Brave New Sub", "description"=>"Sub for editing"}, "id"=>"1"}
  [1m[36mUser Load (0.3ms)[0m  [1m[34mSELECT  "users".* FROM "users" WHERE "users"."session_token" = $1 LIMIT $2[0m  [["session_token", "FPjupBeh8-i4lcooi5ZPOQ"], ["LIMIT", 1]]
  [1m[36mSub Load (0.3ms)[0m  [1m[34mSELECT  "subs".* FROM "subs" WHERE "subs"."id" = $1 LIMIT $2[0m  [["id", 1], ["LIMIT", 1]]
  [1m[35m (0.2ms)[0m  [1m[35mBEGIN[0m
  [1m[36mUser Load (0.2ms)[0m  [1m[34mSELECT  "users".* FROM "users" WHERE "users"."id" = $1 LIMIT $2[0m  [["id", 1], ["LIMIT", 1]]
  [1m[35mSQL (0.5ms)[0m  [1m[33mUPDATE "subs" SET "description" = $1, "updated_at" = $2 WHERE "subs"."id" = $3[0m  [["description", "Sub for editing"], ["updated_at", "2018-07-17 19:02:19.973383"], ["id", 1]]
  [1m[35m (0.5ms)[0m  [1m[35mCOMMIT[0m
Redirected to http://localhost:3000/subs/1
Completed 302 Found in 8ms (ActiveRecord: 2.1ms)


Started GET "/subs/1" for 127.0.0.1 at 2018-07-17 12:02:19 -0700
Processing by SubsController#show as HTML
  Parameters: {"id"=>"1"}
  [1m[36mUser Load (0.3ms)[0m  [1m[34mSELECT  "users".* FROM "users" WHERE "users"."session_token" = $1 LIMIT $2[0m  [["session_token", "FPjupBeh8-i4lcooi5ZPOQ"], ["LIMIT", 1]]
  [1m[36mSub Load (0.4ms)[0m  [1m[34mSELECT  "subs".* FROM "subs" WHERE "subs"."id" = $1 LIMIT $2[0m  [["id", 1], ["LIMIT", 1]]
  Rendering subs/show.html.erb within layouts/application
  [1m[36mUser Load (0.3ms)[0m  [1m[34mSELECT  "users".* FROM "users" WHERE "users"."id" = $1 LIMIT $2[0m  [["id", 1], ["LIMIT", 1]]
  Rendered subs/show.html.erb within layouts/application (2.3ms)
Completed 200 OK in 28ms (Views: 24.9ms | ActiveRecord: 1.0ms)


Started GET "/subs" for 127.0.0.1 at 2018-07-17 12:02:22 -0700
Processing by SubsController#index as HTML
  [1m[36mUser Load (0.3ms)[0m  [1m[34mSELECT  "users".* FROM "users" WHERE "users"."session_token" = $1 LIMIT $2[0m  [["session_token", "FPjupBeh8-i4lcooi5ZPOQ"], ["LIMIT", 1]]
  Rendering subs/index.html.erb within layouts/application
  [1m[36mSub Load (0.6ms)[0m  [1m[34mSELECT "subs".* FROM "subs"[0m
  Rendered subs/index.html.erb within layouts/application (3.3ms)
Completed 200 OK in 34ms (Views: 31.4ms | ActiveRecord: 0.8ms)


Started GET "/subs" for 127.0.0.1 at 2018-07-17 12:05:20 -0700
Processing by SubsController#index as HTML
  [1m[36mUser Load (0.4ms)[0m  [1m[34mSELECT  "users".* FROM "users" WHERE "users"."session_token" = $1 LIMIT $2[0m  [["session_token", "FPjupBeh8-i4lcooi5ZPOQ"], ["LIMIT", 1]]
  Rendering subs/index.html.erb within layouts/application
  [1m[36mSub Load (0.5ms)[0m  [1m[34mSELECT "subs".* FROM "subs"[0m
  Rendered subs/index.html.erb within layouts/application (2.1ms)
Completed 200 OK in 119ms (Views: 115.9ms | ActiveRecord: 0.9ms)


Started DELETE "/session" for 127.0.0.1 at 2018-07-17 12:05:22 -0700
Processing by SessionsController#destroy as HTML
  Parameters: {"authenticity_token"=>"XfN3qp59d9B4/P74AbToUJ01lDTJ2sArUcfzrm1kp1LNabOQyi0/igBZzqa9ZhMV36Rcf1KAvE9ipW0weJS59Q=="}
  [1m[36mUser Load (0.3ms)[0m  [1m[34mSELECT  "users".* FROM "users" WHERE "users"."session_token" = $1 LIMIT $2[0m  [["session_token", "FPjupBeh8-i4lcooi5ZPOQ"], ["LIMIT", 1]]
  [1m[35m (0.1ms)[0m  [1m[35mBEGIN[0m
  [1m[35mSQL (0.6ms)[0m  [1m[33mUPDATE "users" SET "session_token" = $1, "updated_at" = $2 WHERE "users"."id" = $3[0m  [["session_token", "fs_KYjhrk7F4hOPsl5pgIA"], ["updated_at", "2018-07-17 19:05:22.838765"], ["id", 1]]
  [1m[35m (0.5ms)[0m  [1m[35mCOMMIT[0m
Redirected to http://localhost:3000/session/new
Completed 302 Found in 6ms (ActiveRecord: 1.5ms)


Started GET "/session/new" for 127.0.0.1 at 2018-07-17 12:05:22 -0700
Processing by SessionsController#new as HTML
  Rendering sessions/new.html.erb within layouts/application
  Rendered sessions/new.html.erb within layouts/application (0.7ms)
  [1m[36mUser Load (22.5ms)[0m  [1m[34mSELECT  "users".* FROM "users" WHERE "users"."session_token" IS NULL LIMIT $1[0m  [["LIMIT", 1]]
Completed 200 OK in 57ms (Views: 34.2ms | ActiveRecord: 22.5ms)


Started POST "/session" for 127.0.0.1 at 2018-07-17 12:05:29 -0700
Processing by SessionsController#create as HTML
  Parameters: {"authenticity_token"=>"0nRZHjXCrUtb5v6BCcqWfyABd8fTI65lnHyW61PzjjtC7p0kYZLlESNDzt+1GG06YpC/jEh50gGvHgh1RgOQnA==", "user"=>{"username"=>"whitman", "password"=>"[FILTERED]"}}
  [1m[36mUser Load (0.5ms)[0m  [1m[34mSELECT  "users".* FROM "users" WHERE "users"."username" = $1 LIMIT $2[0m  [["username", "whitman"], ["LIMIT", 1]]
  [1m[35m (0.2ms)[0m  [1m[35mBEGIN[0m
  [1m[35mSQL (0.6ms)[0m  [1m[33mUPDATE "users" SET "session_token" = $1, "updated_at" = $2 WHERE "users"."id" = $3[0m  [["session_token", "BmZzybOsOJiTyAkZAQcwtw"], ["updated_at", "2018-07-17 19:05:29.121844"], ["id", 3]]
  [1m[35m (0.5ms)[0m  [1m[35mCOMMIT[0m
Redirected to http://localhost:3000/subs
Completed 302 Found in 84ms (ActiveRecord: 1.9ms)


Started GET "/subs" for 127.0.0.1 at 2018-07-17 12:05:29 -0700
Processing by SubsController#index as HTML
  [1m[36mUser Load (0.2ms)[0m  [1m[34mSELECT  "users".* FROM "users" WHERE "users"."session_token" = $1 LIMIT $2[0m  [["session_token", "BmZzybOsOJiTyAkZAQcwtw"], ["LIMIT", 1]]
  Rendering subs/index.html.erb within layouts/application
  [1m[36mSub Load (0.5ms)[0m  [1m[34mSELECT "subs".* FROM "subs"[0m
  Rendered subs/index.html.erb within layouts/application (2.0ms)
Completed 200 OK in 28ms (Views: 25.7ms | ActiveRecord: 0.7ms)


Started GET "/subs/1" for 127.0.0.1 at 2018-07-17 12:05:31 -0700
Processing by SubsController#show as HTML
  Parameters: {"id"=>"1"}
  [1m[36mUser Load (0.3ms)[0m  [1m[34mSELECT  "users".* FROM "users" WHERE "users"."session_token" = $1 LIMIT $2[0m  [["session_token", "BmZzybOsOJiTyAkZAQcwtw"], ["LIMIT", 1]]
  [1m[36mSub Load (0.3ms)[0m  [1m[34mSELECT  "subs".* FROM "subs" WHERE "subs"."id" = $1 LIMIT $2[0m  [["id", 1], ["LIMIT", 1]]
  Rendering subs/show.html.erb within layouts/application
  [1m[36mUser Load (0.8ms)[0m  [1m[34mSELECT  "users".* FROM "users" WHERE "users"."id" = $1 LIMIT $2[0m  [["id", 1], ["LIMIT", 1]]
  Rendered subs/show.html.erb within layouts/application (4.5ms)
Completed 200 OK in 38ms (Views: 33.9ms | ActiveRecord: 1.4ms)


Started GET "/subs/1/edit" for 127.0.0.1 at 2018-07-17 12:05:32 -0700
Processing by SubsController#edit as HTML
  Parameters: {"id"=>"1"}
  [1m[36mUser Load (0.4ms)[0m  [1m[34mSELECT  "users".* FROM "users" WHERE "users"."session_token" = $1 LIMIT $2[0m  [["session_token", "BmZzybOsOJiTyAkZAQcwtw"], ["LIMIT", 1]]
  [1m[36mSub Load (0.3ms)[0m  [1m[34mSELECT  "subs".* FROM "subs" WHERE "subs"."id" = $1 LIMIT $2[0m  [["id", 1], ["LIMIT", 1]]
Redirected to http://localhost:3000/subs
Filter chain halted as :require_moderator rendered or redirected
Completed 302 Found in 4ms (ActiveRecord: 0.8ms)


Started GET "/subs" for 127.0.0.1 at 2018-07-17 12:05:32 -0700
Processing by SubsController#index as HTML
  [1m[36mUser Load (0.6ms)[0m  [1m[34mSELECT  "users".* FROM "users" WHERE "users"."session_token" = $1 LIMIT $2[0m  [["session_token", "BmZzybOsOJiTyAkZAQcwtw"], ["LIMIT", 1]]
  Rendering subs/index.html.erb within layouts/application
  [1m[36mSub Load (0.5ms)[0m  [1m[34mSELECT "subs".* FROM "subs"[0m
  Rendered subs/index.html.erb within layouts/application (2.1ms)
Completed 200 OK in 40ms (Views: 36.2ms | ActiveRecord: 1.1ms)


Started GET "/subs/1" for 127.0.0.1 at 2018-07-17 12:05:34 -0700
Processing by SubsController#show as HTML
  Parameters: {"id"=>"1"}
  [1m[36mUser Load (1.1ms)[0m  [1m[34mSELECT  "users".* FROM "users" WHERE "users"."session_token" = $1 LIMIT $2[0m  [["session_token", "BmZzybOsOJiTyAkZAQcwtw"], ["LIMIT", 1]]
  [1m[36mSub Load (0.4ms)[0m  [1m[34mSELECT  "subs".* FROM "subs" WHERE "subs"."id" = $1 LIMIT $2[0m  [["id", 1], ["LIMIT", 1]]
  Rendering subs/show.html.erb within layouts/application
  [1m[36mUser Load (0.4ms)[0m  [1m[34mSELECT  "users".* FROM "users" WHERE "users"."id" = $1 LIMIT $2[0m  [["id", 1], ["LIMIT", 1]]
  Rendered subs/show.html.erb within layouts/application (3.4ms)
Completed 200 OK in 41ms (Views: 35.5ms | ActiveRecord: 1.9ms)


Started GET "/subs/1/edit" for 127.0.0.1 at 2018-07-17 12:05:35 -0700
Processing by SubsController#edit as HTML
  Parameters: {"id"=>"1"}
  [1m[36mUser Load (0.3ms)[0m  [1m[34mSELECT  "users".* FROM "users" WHERE "users"."session_token" = $1 LIMIT $2[0m  [["session_token", "BmZzybOsOJiTyAkZAQcwtw"], ["LIMIT", 1]]
  [1m[36mSub Load (0.3ms)[0m  [1m[34mSELECT  "subs".* FROM "subs" WHERE "subs"."id" = $1 LIMIT $2[0m  [["id", 1], ["LIMIT", 1]]
Redirected to http://localhost:3000/subs
Filter chain halted as :require_moderator rendered or redirected
Completed 302 Found in 3ms (ActiveRecord: 0.5ms)


Started GET "/subs" for 127.0.0.1 at 2018-07-17 12:05:35 -0700
Processing by SubsController#index as HTML
  [1m[36mUser Load (0.4ms)[0m  [1m[34mSELECT  "users".* FROM "users" WHERE "users"."session_token" = $1 LIMIT $2[0m  [["session_token", "BmZzybOsOJiTyAkZAQcwtw"], ["LIMIT", 1]]
  Rendering subs/index.html.erb within layouts/application
  [1m[36mSub Load (0.5ms)[0m  [1m[34mSELECT "subs".* FROM "subs"[0m
  Rendered subs/index.html.erb within layouts/application (2.6ms)
Completed 200 OK in 32ms (Views: 28.9ms | ActiveRecord: 1.0ms)


  [1m[35m (0.4ms)[0m  [1m[34mSELECT pg_try_advisory_lock(6711173107426626090)[0m
  [1m[35m (20.6ms)[0m  [1m[34mSELECT "schema_migrations"."version" FROM "schema_migrations" ORDER BY "schema_migrations"."version" ASC[0m
Migrating to CreatePosts (20180717190602)
  [1m[35m (0.5ms)[0m  [1m[35mBEGIN[0m
  [1m[35m (59.6ms)[0m  [1m[35mCREATE TABLE "posts" ("id" bigserial primary key, "title" character varying NOT NULL, "url" character varying, "content" text, "sub_id" integer NOT NULL, "author_id" integer NOT NULL, "created_at" timestamp NOT NULL, "updated_at" timestamp NOT NULL)[0m
  [1m[35m (1.3ms)[0m  [1m[35mCREATE  INDEX  "index_posts_on_sub_id" ON "posts"  ("sub_id")[0m
  [1m[35m (1.1ms)[0m  [1m[35mCREATE  INDEX  "index_posts_on_author_id" ON "posts"  ("author_id")[0m
  [1m[35mSQL (0.6ms)[0m  [1m[32mINSERT INTO "schema_migrations" ("version") VALUES ($1) RETURNING "version"[0m  [["version", "20180717190602"]]
  [1m[35m (14.3ms)[0m  [1m[35mCOMMIT[0m
  [1m[36mActiveRecord::InternalMetadata Load (1.2ms)[0m  [1m[34mSELECT  "ar_internal_metadata".* FROM "ar_internal_metadata" WHERE "ar_internal_metadata"."key" = $1 LIMIT $2[0m  [["key", "environment"], ["LIMIT", 1]]
  [1m[35m (0.4ms)[0m  [1m[35mBEGIN[0m
  [1m[35m (0.2ms)[0m  [1m[35mCOMMIT[0m
  [1m[35m (0.4ms)[0m  [1m[34mSELECT pg_advisory_unlock(6711173107426626090)[0m
  [1m[35m (0.4ms)[0m  [1m[34mSELECT "schema_migrations"."version" FROM "schema_migrations" ORDER BY "schema_migrations"."version" ASC[0m
Started GET "/subs" for 127.0.0.1 at 2018-07-17 13:59:06 -0700
  [1m[35m (0.7ms)[0m  [1m[34mSELECT "schema_migrations"."version" FROM "schema_migrations" ORDER BY "schema_migrations"."version" ASC[0m
Processing by SubsController#index as HTML
  [1m[36mUser Load (0.5ms)[0m  [1m[34mSELECT  "users".* FROM "users" WHERE "users"."session_token" = $1 LIMIT $2[0m  [["session_token", "BmZzybOsOJiTyAkZAQcwtw"], ["LIMIT", 1]]
  Rendering subs/index.html.erb within layouts/application
  [1m[36mSub Load (0.9ms)[0m  [1m[34mSELECT "subs".* FROM "subs"[0m
  Rendered subs/index.html.erb within layouts/application (45.8ms)
Completed 200 OK in 288ms (Views: 208.5ms | ActiveRecord: 16.7ms)


Started GET "/subs/2" for 127.0.0.1 at 2018-07-17 13:59:09 -0700
Processing by SubsController#show as HTML
  Parameters: {"id"=>"2"}
  [1m[36mUser Load (0.4ms)[0m  [1m[34mSELECT  "users".* FROM "users" WHERE "users"."session_token" = $1 LIMIT $2[0m  [["session_token", "BmZzybOsOJiTyAkZAQcwtw"], ["LIMIT", 1]]
  [1m[36mSub Load (0.5ms)[0m  [1m[34mSELECT  "subs".* FROM "subs" WHERE "subs"."id" = $1 LIMIT $2[0m  [["id", 2], ["LIMIT", 1]]
  Rendering subs/show.html.erb within layouts/application
  [1m[36mUser Load (0.4ms)[0m  [1m[34mSELECT  "users".* FROM "users" WHERE "users"."id" = $1 LIMIT $2[0m  [["id", 1], ["LIMIT", 1]]
  Rendered subs/show.html.erb within layouts/application (5.4ms)
Completed 200 OK in 88ms (Views: 82.1ms | ActiveRecord: 1.3ms)


Started GET "/subs/2" for 127.0.0.1 at 2018-07-17 14:00:14 -0700
Processing by SubsController#show as HTML
  Parameters: {"id"=>"2"}
  [1m[36mUser Load (0.3ms)[0m  [1m[34mSELECT  "users".* FROM "users" WHERE "users"."session_token" = $1 LIMIT $2[0m  [["session_token", "BmZzybOsOJiTyAkZAQcwtw"], ["LIMIT", 1]]
  [1m[36mSub Load (0.2ms)[0m  [1m[34mSELECT  "subs".* FROM "subs" WHERE "subs"."id" = $1 LIMIT $2[0m  [["id", 2], ["LIMIT", 1]]
  Rendering subs/show.html.erb within layouts/application
  [1m[36mUser Load (0.4ms)[0m  [1m[34mSELECT  "users".* FROM "users" WHERE "users"."id" = $1 LIMIT $2[0m  [["id", 1], ["LIMIT", 1]]
  Rendered subs/show.html.erb within layouts/application (7.1ms)
Completed 500 Internal Server Error in 33ms (ActiveRecord: 0.9ms)



ActionController::UrlGenerationError - No route matches {:action=>"new", :controller=>"posts", :id=>"2"}, missing required keys: [:sub_id]:
  app/views/subs/show.html.erb:9:in `_app_views_subs_show_html_erb__2002822893812177215_70162143003600'
  app/controllers/subs_controller.rb:29:in `show'

Started POST "/__better_errors/0f9da6f5893ec490/variables" for 127.0.0.1 at 2018-07-17 14:00:14 -0700
Started GET "/subs" for 127.0.0.1 at 2018-07-17 14:00:32 -0700
Processing by SubsController#index as HTML
  [1m[36mUser Load (0.3ms)[0m  [1m[34mSELECT  "users".* FROM "users" WHERE "users"."session_token" = $1 LIMIT $2[0m  [["session_token", "BmZzybOsOJiTyAkZAQcwtw"], ["LIMIT", 1]]
  Rendering subs/index.html.erb within layouts/application
  [1m[36mSub Load (0.5ms)[0m  [1m[34mSELECT "subs".* FROM "subs"[0m
  Rendered subs/index.html.erb within layouts/application (2.1ms)
Completed 200 OK in 225ms (Views: 222.9ms | ActiveRecord: 0.7ms)


Started GET "/subs/2" for 127.0.0.1 at 2018-07-17 14:00:34 -0700
Processing by SubsController#show as HTML
  Parameters: {"id"=>"2"}
  [1m[36mUser Load (0.3ms)[0m  [1m[34mSELECT  "users".* FROM "users" WHERE "users"."session_token" = $1 LIMIT $2[0m  [["session_token", "BmZzybOsOJiTyAkZAQcwtw"], ["LIMIT", 1]]
  [1m[36mSub Load (0.3ms)[0m  [1m[34mSELECT  "subs".* FROM "subs" WHERE "subs"."id" = $1 LIMIT $2[0m  [["id", 2], ["LIMIT", 1]]
  Rendering subs/show.html.erb within layouts/application
  [1m[36mUser Load (0.6ms)[0m  [1m[34mSELECT  "users".* FROM "users" WHERE "users"."id" = $1 LIMIT $2[0m  [["id", 1], ["LIMIT", 1]]
  Rendered subs/show.html.erb within layouts/application (4.0ms)
Completed 200 OK in 44ms (Views: 40.3ms | ActiveRecord: 1.2ms)


Started GET "/subs/2/posts/new" for 127.0.0.1 at 2018-07-17 14:00:36 -0700
Processing by PostsController#new as HTML
  Parameters: {"sub_id"=>"2"}
  [1m[36mUser Load (0.4ms)[0m  [1m[34mSELECT  "users".* FROM "users" WHERE "users"."session_token" = $1 LIMIT $2[0m  [["session_token", "BmZzybOsOJiTyAkZAQcwtw"], ["LIMIT", 1]]
  Rendering posts/new.html.erb within layouts/application
  Rendered posts/new.html.erb within layouts/application (0.9ms)
Completed 200 OK in 90ms (Views: 50.0ms | ActiveRecord: 6.3ms)


Started POST "/subs/2/posts" for 127.0.0.1 at 2018-07-17 14:01:00 -0700
Processing by PostsController#create as HTML
  Parameters: {"authenticity_token"=>"yeReYatAgDwPqBFTE97r3TrJd4BS5LA2FdMC8VyzD3JZfppb/xDIZncNIQ2vDBCYeFi/y8m+zFImsZxvSUMR1Q==", "post"=>{"title"=>"new post!", "url"=>"www.newpost.com", "content"=>"this is my new post!!!!!!!!!!!!!! this is my new post!!!!!!!!!!!!!!this is my new post!!!!!!!!!!!!!!this is my new post!!!!!!!!!!!!!!this is my new post!!!!!!!!!!!!!!this is my new post!!!!!!!!!!!!!!this is my new post!!!!!!!!!!!!!!this is my new post!!!!!!!!!!!!!!this is my new post!!!!!!!!!!!!!!this is my new post!!!!!!!!!!!!!!this is my new post!!!!!!!!!!!!!!this is my new post!!!!!!!!!!!!!!this is my new post!!!!!!!!!!!!!!this is my new post!!!!!!!!!!!!!!this is my new post!!!!!!!!!!!!!!this is my new post!!!!!!!!!!!!!!this is my new post!!!!!!!!!!!!!!this is my new post!!!!!!!!!!!!!!this is my new post!!!!!!!!!!!!!!this is my new post!!!!!!!!!!!!!!"}, "sub_id"=>"2"}
  [1m[36mUser Load (0.5ms)[0m  [1m[34mSELECT  "users".* FROM "users" WHERE "users"."session_token" = $1 LIMIT $2[0m  [["session_token", "BmZzybOsOJiTyAkZAQcwtw"], ["LIMIT", 1]]
  [1m[35m (0.2ms)[0m  [1m[35mBEGIN[0m
  [1m[36mSub Load (0.4ms)[0m  [1m[34mSELECT  "subs".* FROM "subs" WHERE "subs"."id" = $1 LIMIT $2[0m  [["id", 2], ["LIMIT", 1]]
  [1m[36mUser Load (0.3ms)[0m  [1m[34mSELECT  "users".* FROM "users" WHERE "users"."id" = $1 LIMIT $2[0m  [["id", 3], ["LIMIT", 1]]
  [1m[35mSQL (57.3ms)[0m  [1m[32mINSERT INTO "posts" ("title", "url", "content", "sub_id", "author_id", "created_at", "updated_at") VALUES ($1, $2, $3, $4, $5, $6, $7) RETURNING "id"[0m  [["title", "new post!"], ["url", "www.newpost.com"], ["content", "this is my new post!!!!!!!!!!!!!! this is my new post!!!!!!!!!!!!!!this is my new post!!!!!!!!!!!!!!this is my new post!!!!!!!!!!!!!!this is my new post!!!!!!!!!!!!!!this is my new post!!!!!!!!!!!!!!this is my new post!!!!!!!!!!!!!!this is my new post!!!!!!!!!!!!!!this is my new post!!!!!!!!!!!!!!this is my new post!!!!!!!!!!!!!!this is my new post!!!!!!!!!!!!!!this is my new post!!!!!!!!!!!!!!this is my new post!!!!!!!!!!!!!!this is my new post!!!!!!!!!!!!!!this is my new post!!!!!!!!!!!!!!this is my new post!!!!!!!!!!!!!!this is my new post!!!!!!!!!!!!!!this is my new post!!!!!!!!!!!!!!this is my new post!!!!!!!!!!!!!!this is my new post!!!!!!!!!!!!!!"], ["sub_id", 2], ["author_id", 3], ["created_at", "2018-07-17 21:01:00.218105"], ["updated_at", "2018-07-17 21:01:00.218105"]]
  [1m[35m (0.5ms)[0m  [1m[35mCOMMIT[0m
Completed 500 Internal Server Error in 76ms (ActiveRecord: 59.2ms)



ActionController::UrlGenerationError - No route matches {:action=>"show", :controller=>"posts", :sub_id=>#<Post id: 1, title: "new post!", url: "www.newpost.com", content: "this is my new post!!!!!!!!!!!!!! this is my new p...", sub_id: 2, author_id: 3, created_at: "2018-07-17 21:01:00", updated_at: "2018-07-17 21:01:00">}, missing required keys: [:id]:
  app/controllers/posts_controller.rb:16:in `create'

Started POST "/__better_errors/e513219ed57cb575/variables" for 127.0.0.1 at 2018-07-17 14:01:00 -0700
Started POST "/subs/2/posts" for 127.0.0.1 at 2018-07-17 14:02:29 -0700
Processing by PostsController#create as HTML
  Parameters: {"authenticity_token"=>"yeReYatAgDwPqBFTE97r3TrJd4BS5LA2FdMC8VyzD3JZfppb/xDIZncNIQ2vDBCYeFi/y8m+zFImsZxvSUMR1Q==", "post"=>{"title"=>"new post!", "url"=>"www.newpost.com", "content"=>"this is my new post!!!!!!!!!!!!!! this is my new post!!!!!!!!!!!!!!this is my new post!!!!!!!!!!!!!!this is my new post!!!!!!!!!!!!!!this is my new post!!!!!!!!!!!!!!this is my new post!!!!!!!!!!!!!!this is my new post!!!!!!!!!!!!!!this is my new post!!!!!!!!!!!!!!this is my new post!!!!!!!!!!!!!!this is my new post!!!!!!!!!!!!!!this is my new post!!!!!!!!!!!!!!this is my new post!!!!!!!!!!!!!!this is my new post!!!!!!!!!!!!!!this is my new post!!!!!!!!!!!!!!this is my new post!!!!!!!!!!!!!!this is my new post!!!!!!!!!!!!!!this is my new post!!!!!!!!!!!!!!this is my new post!!!!!!!!!!!!!!this is my new post!!!!!!!!!!!!!!this is my new post!!!!!!!!!!!!!!"}, "sub_id"=>"2"}
  [1m[36mUser Load (0.3ms)[0m  [1m[34mSELECT  "users".* FROM "users" WHERE "users"."session_token" = $1 LIMIT $2[0m  [["session_token", "BmZzybOsOJiTyAkZAQcwtw"], ["LIMIT", 1]]
  [1m[35m (0.2ms)[0m  [1m[35mBEGIN[0m
  [1m[36mSub Load (0.2ms)[0m  [1m[34mSELECT  "subs".* FROM "subs" WHERE "subs"."id" = $1 LIMIT $2[0m  [["id", 2], ["LIMIT", 1]]
  [1m[36mUser Load (0.2ms)[0m  [1m[34mSELECT  "users".* FROM "users" WHERE "users"."id" = $1 LIMIT $2[0m  [["id", 3], ["LIMIT", 1]]
  [1m[35mSQL (0.5ms)[0m  [1m[32mINSERT INTO "posts" ("title", "url", "content", "sub_id", "author_id", "created_at", "updated_at") VALUES ($1, $2, $3, $4, $5, $6, $7) RETURNING "id"[0m  [["title", "new post!"], ["url", "www.newpost.com"], ["content", "this is my new post!!!!!!!!!!!!!! this is my new post!!!!!!!!!!!!!!this is my new post!!!!!!!!!!!!!!this is my new post!!!!!!!!!!!!!!this is my new post!!!!!!!!!!!!!!this is my new post!!!!!!!!!!!!!!this is my new post!!!!!!!!!!!!!!this is my new post!!!!!!!!!!!!!!this is my new post!!!!!!!!!!!!!!this is my new post!!!!!!!!!!!!!!this is my new post!!!!!!!!!!!!!!this is my new post!!!!!!!!!!!!!!this is my new post!!!!!!!!!!!!!!this is my new post!!!!!!!!!!!!!!this is my new post!!!!!!!!!!!!!!this is my new post!!!!!!!!!!!!!!this is my new post!!!!!!!!!!!!!!this is my new post!!!!!!!!!!!!!!this is my new post!!!!!!!!!!!!!!this is my new post!!!!!!!!!!!!!!"], ["sub_id", 2], ["author_id", 3], ["created_at", "2018-07-17 21:02:29.761990"], ["updated_at", "2018-07-17 21:02:29.761990"]]
  [1m[35m (0.5ms)[0m  [1m[35mCOMMIT[0m
Completed 500 Internal Server Error in 9ms (ActiveRecord: 2.0ms)



ActionController::UrlGenerationError - No route matches {:action=>"show", :controller=>"posts", :sub_id=>#<Post id: 2, title: "new post!", url: "www.newpost.com", content: "this is my new post!!!!!!!!!!!!!! this is my new p...", sub_id: 2, author_id: 3, created_at: "2018-07-17 21:02:29", updated_at: "2018-07-17 21:02:29">}, missing required keys: [:id]:
  app/controllers/posts_controller.rb:16:in `create'

Started POST "/__better_errors/741afc9eb3d98747/variables" for 127.0.0.1 at 2018-07-17 14:02:29 -0700
Started GET "/subs/2" for 127.0.0.1 at 2018-07-17 14:02:33 -0700
Processing by SubsController#show as HTML
  Parameters: {"id"=>"2"}
  [1m[36mUser Load (0.3ms)[0m  [1m[34mSELECT  "users".* FROM "users" WHERE "users"."session_token" = $1 LIMIT $2[0m  [["session_token", "BmZzybOsOJiTyAkZAQcwtw"], ["LIMIT", 1]]
  [1m[36mSub Load (0.4ms)[0m  [1m[34mSELECT  "subs".* FROM "subs" WHERE "subs"."id" = $1 LIMIT $2[0m  [["id", 2], ["LIMIT", 1]]
  Rendering subs/show.html.erb within layouts/application
  [1m[36mUser Load (0.4ms)[0m  [1m[34mSELECT  "users".* FROM "users" WHERE "users"."id" = $1 LIMIT $2[0m  [["id", 1], ["LIMIT", 1]]
  Rendered subs/show.html.erb within layouts/application (2.9ms)
Completed 200 OK in 125ms (Views: 118.6ms | ActiveRecord: 1.1ms)


Started GET "/subs/2" for 127.0.0.1 at 2018-07-17 14:02:34 -0700
Processing by SubsController#show as HTML
  Parameters: {"id"=>"2"}
  [1m[36mUser Load (0.3ms)[0m  [1m[34mSELECT  "users".* FROM "users" WHERE "users"."session_token" = $1 LIMIT $2[0m  [["session_token", "BmZzybOsOJiTyAkZAQcwtw"], ["LIMIT", 1]]
  [1m[36mSub Load (0.3ms)[0m  [1m[34mSELECT  "subs".* FROM "subs" WHERE "subs"."id" = $1 LIMIT $2[0m  [["id", 2], ["LIMIT", 1]]
  Rendering subs/show.html.erb within layouts/application
  [1m[36mUser Load (0.3ms)[0m  [1m[34mSELECT  "users".* FROM "users" WHERE "users"."id" = $1 LIMIT $2[0m  [["id", 1], ["LIMIT", 1]]
  Rendered subs/show.html.erb within layouts/application (3.1ms)
Completed 200 OK in 34ms (Views: 30.7ms | ActiveRecord: 0.9ms)


Started GET "/subs/2/posts/new" for 127.0.0.1 at 2018-07-17 14:02:37 -0700
Processing by PostsController#new as HTML
  Parameters: {"sub_id"=>"2"}
  [1m[36mUser Load (0.3ms)[0m  [1m[34mSELECT  "users".* FROM "users" WHERE "users"."session_token" = $1 LIMIT $2[0m  [["session_token", "BmZzybOsOJiTyAkZAQcwtw"], ["LIMIT", 1]]
  Rendering posts/new.html.erb within layouts/application
  Rendered posts/new.html.erb within layouts/application (1.2ms)
Completed 200 OK in 45ms (Views: 43.0ms | ActiveRecord: 0.3ms)


Started POST "/subs/2/posts" for 127.0.0.1 at 2018-07-17 14:02:43 -0700
Processing by PostsController#create as HTML
  Parameters: {"authenticity_token"=>"+pEVRwwCPiwwUcnrGmnCiulwveYn7aIT4RnCgGHj3kJqC9F9WFJ2dkj0+bWmuznPq+F1rby33nfSe1wedBPA5Q==", "post"=>{"title"=>"asdfasdfasf", "url"=>"asdfasdfasdf", "content"=>"sdgfasdfasdfasdfasdf"}, "sub_id"=>"2"}
  [1m[36mUser Load (0.4ms)[0m  [1m[34mSELECT  "users".* FROM "users" WHERE "users"."session_token" = $1 LIMIT $2[0m  [["session_token", "BmZzybOsOJiTyAkZAQcwtw"], ["LIMIT", 1]]
  [1m[35m (0.2ms)[0m  [1m[35mBEGIN[0m
  [1m[36mSub Load (0.4ms)[0m  [1m[34mSELECT  "subs".* FROM "subs" WHERE "subs"."id" = $1 LIMIT $2[0m  [["id", 2], ["LIMIT", 1]]
  [1m[36mUser Load (0.6ms)[0m  [1m[34mSELECT  "users".* FROM "users" WHERE "users"."id" = $1 LIMIT $2[0m  [["id", 3], ["LIMIT", 1]]
  [1m[35mSQL (0.6ms)[0m  [1m[32mINSERT INTO "posts" ("title", "url", "content", "sub_id", "author_id", "created_at", "updated_at") VALUES ($1, $2, $3, $4, $5, $6, $7) RETURNING "id"[0m  [["title", "asdfasdfasf"], ["url", "asdfasdfasdf"], ["content", "sdgfasdfasdfasdfasdf"], ["sub_id", 2], ["author_id", 3], ["created_at", "2018-07-17 21:02:43.922366"], ["updated_at", "2018-07-17 21:02:43.922366"]]
  [1m[35m (0.7ms)[0m  [1m[35mCOMMIT[0m
Completed 500 Internal Server Error in 18ms (ActiveRecord: 2.9ms)



ActionController::UrlGenerationError - No route matches {:action=>"show", :controller=>"posts", :sub_id=>#<Post id: 3, title: "asdfasdfasf", url: "asdfasdfasdf", content: "sdgfasdfasdfasdfasdf", sub_id: 2, author_id: 3, created_at: "2018-07-17 21:02:43", updated_at: "2018-07-17 21:02:43">}, missing required keys: [:id]:
  app/controllers/posts_controller.rb:16:in `create'

Started POST "/__better_errors/c2c4d949754c7682/variables" for 127.0.0.1 at 2018-07-17 14:02:43 -0700
Started GET "/subs/2/posts/new" for 127.0.0.1 at 2018-07-17 14:03:21 -0700
Processing by PostsController#new as HTML
  Parameters: {"sub_id"=>"2"}
  [1m[36mUser Load (0.3ms)[0m  [1m[34mSELECT  "users".* FROM "users" WHERE "users"."session_token" = $1 LIMIT $2[0m  [["session_token", "BmZzybOsOJiTyAkZAQcwtw"], ["LIMIT", 1]]
  Rendering posts/new.html.erb within layouts/application
  Rendered posts/new.html.erb within layouts/application (1.2ms)
Completed 200 OK in 328ms (Views: 219.4ms | ActiveRecord: 13.2ms)


Started POST "/subs/2/posts" for 127.0.0.1 at 2018-07-17 14:03:29 -0700
Processing by PostsController#create as HTML
  Parameters: {"authenticity_token"=>"itv0rcSJpPOC3FiNRd8x2BQARR9leqz+G19l1nTSKH0aQTCXkNnsqfp5aNP5DcqdVpGNVP4g0JooPftIYSI22g==", "post"=>{"title"=>"alskdfhjalskdjfh", "url"=>"askdfjhaslkdfhj", "content"=>"as;DKFJHALSKDJFHA;KSDJGFA;KSDFGJ"}, "sub_id"=>"2"}
  [1m[36mUser Load (0.3ms)[0m  [1m[34mSELECT  "users".* FROM "users" WHERE "users"."session_token" = $1 LIMIT $2[0m  [["session_token", "BmZzybOsOJiTyAkZAQcwtw"], ["LIMIT", 1]]
  [1m[35m (0.2ms)[0m  [1m[35mBEGIN[0m
  [1m[36mSub Load (0.3ms)[0m  [1m[34mSELECT  "subs".* FROM "subs" WHERE "subs"."id" = $1 LIMIT $2[0m  [["id", 2], ["LIMIT", 1]]
  [1m[36mUser Load (0.4ms)[0m  [1m[34mSELECT  "users".* FROM "users" WHERE "users"."id" = $1 LIMIT $2[0m  [["id", 3], ["LIMIT", 1]]
  [1m[35mSQL (0.7ms)[0m  [1m[32mINSERT INTO "posts" ("title", "url", "content", "sub_id", "author_id", "created_at", "updated_at") VALUES ($1, $2, $3, $4, $5, $6, $7) RETURNING "id"[0m  [["title", "alskdfhjalskdjfh"], ["url", "askdfjhaslkdfhj"], ["content", "as;DKFJHALSKDJFHA;KSDJGFA;KSDFGJ"], ["sub_id", 2], ["author_id", 3], ["created_at", "2018-07-17 21:03:29.365329"], ["updated_at", "2018-07-17 21:03:29.365329"]]
  [1m[35m (0.5ms)[0m  [1m[35mCOMMIT[0m
Completed 500 Internal Server Error in 42ms (ActiveRecord: 7.5ms)



ActionController::UrlGenerationError - No route matches {:action=>"show", :controller=>"posts", :sub_id=>#<Sub id: 2, title: "Hoagie", description: "What they calls subs back east", moderator_id: 1, created_at: "2018-07-17 18:58:04", updated_at: "2018-07-17 18:58:04">}, missing required keys: [:id]:
  app/controllers/posts_controller.rb:16:in `create'

Started POST "/__better_errors/78e6d843ab2dbd44/variables" for 127.0.0.1 at 2018-07-17 14:03:29 -0700
Started GET "/subs/2/posts/new" for 127.0.0.1 at 2018-07-17 14:03:38 -0700
Processing by PostsController#new as HTML
  Parameters: {"sub_id"=>"2"}
  [1m[36mUser Load (0.3ms)[0m  [1m[34mSELECT  "users".* FROM "users" WHERE "users"."session_token" = $1 LIMIT $2[0m  [["session_token", "BmZzybOsOJiTyAkZAQcwtw"], ["LIMIT", 1]]
  Rendering posts/new.html.erb within layouts/application
  Rendered posts/new.html.erb within layouts/application (0.8ms)
Completed 200 OK in 25ms (Views: 22.6ms | ActiveRecord: 0.3ms)


Started POST "/subs/2/posts" for 127.0.0.1 at 2018-07-17 14:03:43 -0700
Processing by PostsController#create as HTML
  Parameters: {"authenticity_token"=>"u1oBWztRjPVxgooMc7V86qx7AIc+o5GcuNHaTw194JErwMVhbwHErwknulLPZ4ev7urIzKX57fiLs0TRGI3+Ng==", "post"=>{"title"=>"a;lsdkfj;lasdkjf", "url"=>"a;ksdf;aslkdfhds", "content"=>"as;dklfas;ldkfh"}, "sub_id"=>"2"}
  [1m[36mUser Load (0.3ms)[0m  [1m[34mSELECT  "users".* FROM "users" WHERE "users"."session_token" = $1 LIMIT $2[0m  [["session_token", "BmZzybOsOJiTyAkZAQcwtw"], ["LIMIT", 1]]
  [1m[35m (0.2ms)[0m  [1m[35mBEGIN[0m
  [1m[36mSub Load (0.3ms)[0m  [1m[34mSELECT  "subs".* FROM "subs" WHERE "subs"."id" = $1 LIMIT $2[0m  [["id", 2], ["LIMIT", 1]]
  [1m[36mUser Load (0.3ms)[0m  [1m[34mSELECT  "users".* FROM "users" WHERE "users"."id" = $1 LIMIT $2[0m  [["id", 3], ["LIMIT", 1]]
  [1m[35mSQL (0.5ms)[0m  [1m[32mINSERT INTO "posts" ("title", "url", "content", "sub_id", "author_id", "created_at", "updated_at") VALUES ($1, $2, $3, $4, $5, $6, $7) RETURNING "id"[0m  [["title", "a;lsdkfj;lasdkjf"], ["url", "a;ksdf;aslkdfhds"], ["content", "as;dklfas;ldkfh"], ["sub_id", 2], ["author_id", 3], ["created_at", "2018-07-17 21:03:43.857558"], ["updated_at", "2018-07-17 21:03:43.857558"]]
  [1m[35m (3.7ms)[0m  [1m[35mCOMMIT[0m
Completed 500 Internal Server Error in 14ms (ActiveRecord: 5.3ms)



ActionController::UrlGenerationError - No route matches {:action=>"show", :controller=>"posts", :sub_id=>#<Sub id: 2, title: "Hoagie", description: "What they calls subs back east", moderator_id: 1, created_at: "2018-07-17 18:58:04", updated_at: "2018-07-17 18:58:04">}, missing required keys: [:id]:
  app/controllers/posts_controller.rb:16:in `create'

Started POST "/__better_errors/02d14639ff729152/variables" for 127.0.0.1 at 2018-07-17 14:03:43 -0700
Started GET "/subs/2/posts/new" for 127.0.0.1 at 2018-07-17 14:05:09 -0700
Processing by PostsController#new as HTML
  Parameters: {"sub_id"=>"2"}
  [1m[36mUser Load (0.4ms)[0m  [1m[34mSELECT  "users".* FROM "users" WHERE "users"."session_token" = $1 LIMIT $2[0m  [["session_token", "BmZzybOsOJiTyAkZAQcwtw"], ["LIMIT", 1]]
  Rendering posts/new.html.erb within layouts/application
  Rendered posts/new.html.erb within layouts/application (1.7ms)
Completed 200 OK in 250ms (Views: 167.6ms | ActiveRecord: 12.2ms)


Started POST "/subs/2/posts" for 127.0.0.1 at 2018-07-17 14:05:15 -0700
Processing by PostsController#create as HTML
  Parameters: {"authenticity_token"=>"9uNmLl/Yc3ND3dLJsGDXMI3PK+KEuem/BDaP0iKXsBFmeaIUC4g7KTt44pcMsix1z17jqR/jlds3VBFMN2eutg==", "post"=>{"title"=>"asdflkjahsdlkfjh", "url"=>"asdlkfjhaslkdfdfjklsdfgjk", "content"=>"alskdjfaksjdgflakjsdfg"}, "sub_id"=>"2"}
  [1m[36mUser Load (0.3ms)[0m  [1m[34mSELECT  "users".* FROM "users" WHERE "users"."session_token" = $1 LIMIT $2[0m  [["session_token", "BmZzybOsOJiTyAkZAQcwtw"], ["LIMIT", 1]]
  [1m[35m (0.2ms)[0m  [1m[35mBEGIN[0m
  [1m[36mSub Load (0.4ms)[0m  [1m[34mSELECT  "subs".* FROM "subs" WHERE "subs"."id" = $1 LIMIT $2[0m  [["id", 2], ["LIMIT", 1]]
  [1m[36mUser Load (0.4ms)[0m  [1m[34mSELECT  "users".* FROM "users" WHERE "users"."id" = $1 LIMIT $2[0m  [["id", 3], ["LIMIT", 1]]
  [1m[35mSQL (0.6ms)[0m  [1m[32mINSERT INTO "posts" ("title", "url", "content", "sub_id", "author_id", "created_at", "updated_at") VALUES ($1, $2, $3, $4, $5, $6, $7) RETURNING "id"[0m  [["title", "asdflkjahsdlkfjh"], ["url", "asdlkfjhaslkdfdfjklsdfgjk"], ["content", "alskdjfaksjdgflakjsdfg"], ["sub_id", 2], ["author_id", 3], ["created_at", "2018-07-17 21:05:15.903605"], ["updated_at", "2018-07-17 21:05:15.903605"]]
  [1m[35m (0.5ms)[0m  [1m[35mCOMMIT[0m
Redirected to http://localhost:3000/subs/2/posts/6
Completed 302 Found in 37ms (ActiveRecord: 7.0ms)


Started GET "/subs/2/posts/6" for 127.0.0.1 at 2018-07-17 14:05:15 -0700
Processing by PostsController#show as HTML
  Parameters: {"sub_id"=>"2", "id"=>"6"}
  [1m[36mUser Load (0.2ms)[0m  [1m[34mSELECT  "users".* FROM "users" WHERE "users"."session_token" = $1 LIMIT $2[0m  [["session_token", "BmZzybOsOJiTyAkZAQcwtw"], ["LIMIT", 1]]
  [1m[36mPost Load (0.5ms)[0m  [1m[34mSELECT  "posts".* FROM "posts" WHERE "posts"."id" = $1 LIMIT $2[0m  [["id", 6], ["LIMIT", 1]]
  Rendering posts/show.html.erb within layouts/application
  [1m[36mUser Load (0.3ms)[0m  [1m[34mSELECT  "users".* FROM "users" WHERE "users"."id" = $1 LIMIT $2[0m  [["id", 3], ["LIMIT", 1]]
  [1m[36mSub Load (0.3ms)[0m  [1m[34mSELECT  "subs".* FROM "subs" WHERE "subs"."id" = $1 LIMIT $2[0m  [["id", 2], ["LIMIT", 1]]
  Rendered posts/show.html.erb within layouts/application (3.6ms)
Completed 200 OK in 37ms (Views: 33.4ms | ActiveRecord: 1.3ms)


Started GET "/subs/2" for 127.0.0.1 at 2018-07-17 14:07:16 -0700
Processing by SubsController#show as HTML
  Parameters: {"id"=>"2"}
  [1m[36mUser Load (0.3ms)[0m  [1m[34mSELECT  "users".* FROM "users" WHERE "users"."session_token" = $1 LIMIT $2[0m  [["session_token", "BmZzybOsOJiTyAkZAQcwtw"], ["LIMIT", 1]]
  [1m[36mSub Load (0.3ms)[0m  [1m[34mSELECT  "subs".* FROM "subs" WHERE "subs"."id" = $1 LIMIT $2[0m  [["id", 2], ["LIMIT", 1]]
  Rendering subs/show.html.erb within layouts/application
  [1m[36mUser Load (0.4ms)[0m  [1m[34mSELECT  "users".* FROM "users" WHERE "users"."id" = $1 LIMIT $2[0m  [["id", 1], ["LIMIT", 1]]
  [1m[36mPost Load (0.5ms)[0m  [1m[34mSELECT "posts".* FROM "posts" WHERE "posts"."sub_id" = $1[0m  [["sub_id", 2]]
  Rendered subs/show.html.erb within layouts/application (50.9ms)
Completed 200 OK in 81ms (Views: 75.2ms | ActiveRecord: 1.4ms)


Started GET "/subs/2" for 127.0.0.1 at 2018-07-17 14:07:47 -0700
Processing by SubsController#show as HTML
  Parameters: {"id"=>"2"}
  [1m[36mUser Load (0.3ms)[0m  [1m[34mSELECT  "users".* FROM "users" WHERE "users"."session_token" = $1 LIMIT $2[0m  [["session_token", "BmZzybOsOJiTyAkZAQcwtw"], ["LIMIT", 1]]
  [1m[36mSub Load (0.2ms)[0m  [1m[34mSELECT  "subs".* FROM "subs" WHERE "subs"."id" = $1 LIMIT $2[0m  [["id", 2], ["LIMIT", 1]]
  Rendering subs/show.html.erb within layouts/application
  [1m[36mUser Load (0.5ms)[0m  [1m[34mSELECT  "users".* FROM "users" WHERE "users"."id" = $1 LIMIT $2[0m  [["id", 1], ["LIMIT", 1]]
  [1m[36mPost Load (0.9ms)[0m  [1m[34mSELECT "posts".* FROM "posts" WHERE "posts"."sub_id" = $1[0m  [["sub_id", 2]]
  Rendered subs/show.html.erb within layouts/application (6.1ms)
Completed 200 OK in 33ms (Views: 29.4ms | ActiveRecord: 1.8ms)


Started GET "/subs/2/posts/1" for 127.0.0.1 at 2018-07-17 14:07:49 -0700
Processing by PostsController#show as HTML
  Parameters: {"sub_id"=>"2", "id"=>"1"}
  [1m[36mUser Load (0.3ms)[0m  [1m[34mSELECT  "users".* FROM "users" WHERE "users"."session_token" = $1 LIMIT $2[0m  [["session_token", "BmZzybOsOJiTyAkZAQcwtw"], ["LIMIT", 1]]
  [1m[36mPost Load (0.5ms)[0m  [1m[34mSELECT  "posts".* FROM "posts" WHERE "posts"."id" = $1 LIMIT $2[0m  [["id", 1], ["LIMIT", 1]]
  Rendering posts/show.html.erb within layouts/application
  [1m[36mUser Load (0.3ms)[0m  [1m[34mSELECT  "users".* FROM "users" WHERE "users"."id" = $1 LIMIT $2[0m  [["id", 3], ["LIMIT", 1]]
  [1m[36mSub Load (0.6ms)[0m  [1m[34mSELECT  "subs".* FROM "subs" WHERE "subs"."id" = $1 LIMIT $2[0m  [["id", 2], ["LIMIT", 1]]
  Rendered posts/show.html.erb within layouts/application (4.9ms)
Completed 200 OK in 48ms (Views: 43.7ms | ActiveRecord: 1.7ms)


Started GET "/subs/2" for 127.0.0.1 at 2018-07-17 14:07:54 -0700
Processing by SubsController#show as HTML
  Parameters: {"id"=>"2"}
  [1m[36mUser Load (0.3ms)[0m  [1m[34mSELECT  "users".* FROM "users" WHERE "users"."session_token" = $1 LIMIT $2[0m  [["session_token", "BmZzybOsOJiTyAkZAQcwtw"], ["LIMIT", 1]]
  [1m[36mSub Load (0.3ms)[0m  [1m[34mSELECT  "subs".* FROM "subs" WHERE "subs"."id" = $1 LIMIT $2[0m  [["id", 2], ["LIMIT", 1]]
  Rendering subs/show.html.erb within layouts/application
  [1m[36mUser Load (0.6ms)[0m  [1m[34mSELECT  "users".* FROM "users" WHERE "users"."id" = $1 LIMIT $2[0m  [["id", 1], ["LIMIT", 1]]
  [1m[36mPost Load (0.6ms)[0m  [1m[34mSELECT "posts".* FROM "posts" WHERE "posts"."sub_id" = $1[0m  [["sub_id", 2]]
  Rendered subs/show.html.erb within layouts/application (7.6ms)
Completed 200 OK in 44ms (Views: 38.9ms | ActiveRecord: 1.9ms)


Started GET "/subs/2/posts/3" for 127.0.0.1 at 2018-07-17 14:07:55 -0700
Processing by PostsController#show as HTML
  Parameters: {"sub_id"=>"2", "id"=>"3"}
  [1m[36mUser Load (0.3ms)[0m  [1m[34mSELECT  "users".* FROM "users" WHERE "users"."session_token" = $1 LIMIT $2[0m  [["session_token", "BmZzybOsOJiTyAkZAQcwtw"], ["LIMIT", 1]]
  [1m[36mPost Load (0.4ms)[0m  [1m[34mSELECT  "posts".* FROM "posts" WHERE "posts"."id" = $1 LIMIT $2[0m  [["id", 3], ["LIMIT", 1]]
  Rendering posts/show.html.erb within layouts/application
  [1m[36mUser Load (2.2ms)[0m  [1m[34mSELECT  "users".* FROM "users" WHERE "users"."id" = $1 LIMIT $2[0m  [["id", 3], ["LIMIT", 1]]
  [1m[36mSub Load (0.5ms)[0m  [1m[34mSELECT  "subs".* FROM "subs" WHERE "subs"."id" = $1 LIMIT $2[0m  [["id", 2], ["LIMIT", 1]]
  Rendered posts/show.html.erb within layouts/application (7.7ms)
Completed 200 OK in 54ms (Views: 47.0ms | ActiveRecord: 3.4ms)


Started GET "/subs/2" for 127.0.0.1 at 2018-07-17 14:07:57 -0700
Processing by SubsController#show as HTML
  Parameters: {"id"=>"2"}
  [1m[36mUser Load (0.4ms)[0m  [1m[34mSELECT  "users".* FROM "users" WHERE "users"."session_token" = $1 LIMIT $2[0m  [["session_token", "BmZzybOsOJiTyAkZAQcwtw"], ["LIMIT", 1]]
  [1m[36mSub Load (0.5ms)[0m  [1m[34mSELECT  "subs".* FROM "subs" WHERE "subs"."id" = $1 LIMIT $2[0m  [["id", 2], ["LIMIT", 1]]
  Rendering subs/show.html.erb within layouts/application
  [1m[36mUser Load (0.4ms)[0m  [1m[34mSELECT  "users".* FROM "users" WHERE "users"."id" = $1 LIMIT $2[0m  [["id", 1], ["LIMIT", 1]]
  [1m[36mPost Load (0.7ms)[0m  [1m[34mSELECT "posts".* FROM "posts" WHERE "posts"."sub_id" = $1[0m  [["sub_id", 2]]
  Rendered subs/show.html.erb within layouts/application (6.7ms)
Completed 200 OK in 41ms (Views: 36.1ms | ActiveRecord: 2.0ms)


Started GET "/subs/2/posts/6" for 127.0.0.1 at 2018-07-17 14:07:58 -0700
Processing by PostsController#show as HTML
  Parameters: {"sub_id"=>"2", "id"=>"6"}
  [1m[36mUser Load (0.3ms)[0m  [1m[34mSELECT  "users".* FROM "users" WHERE "users"."session_token" = $1 LIMIT $2[0m  [["session_token", "BmZzybOsOJiTyAkZAQcwtw"], ["LIMIT", 1]]
  [1m[36mPost Load (0.5ms)[0m  [1m[34mSELECT  "posts".* FROM "posts" WHERE "posts"."id" = $1 LIMIT $2[0m  [["id", 6], ["LIMIT", 1]]
  Rendering posts/show.html.erb within layouts/application
  [1m[36mUser Load (1.2ms)[0m  [1m[34mSELECT  "users".* FROM "users" WHERE "users"."id" = $1 LIMIT $2[0m  [["id", 3], ["LIMIT", 1]]
  [1m[36mSub Load (0.5ms)[0m  [1m[34mSELECT  "subs".* FROM "subs" WHERE "subs"."id" = $1 LIMIT $2[0m  [["id", 2], ["LIMIT", 1]]
  Rendered posts/show.html.erb within layouts/application (7.4ms)
Completed 200 OK in 45ms (Views: 39.5ms | ActiveRecord: 2.4ms)


Started GET "/subs/2" for 127.0.0.1 at 2018-07-17 14:08:00 -0700
Processing by SubsController#show as HTML
  Parameters: {"id"=>"2"}
  [1m[36mUser Load (0.5ms)[0m  [1m[34mSELECT  "users".* FROM "users" WHERE "users"."session_token" = $1 LIMIT $2[0m  [["session_token", "BmZzybOsOJiTyAkZAQcwtw"], ["LIMIT", 1]]
  [1m[36mSub Load (0.6ms)[0m  [1m[34mSELECT  "subs".* FROM "subs" WHERE "subs"."id" = $1 LIMIT $2[0m  [["id", 2], ["LIMIT", 1]]
  Rendering subs/show.html.erb within layouts/application
  [1m[36mUser Load (1.7ms)[0m  [1m[34mSELECT  "users".* FROM "users" WHERE "users"."id" = $1 LIMIT $2[0m  [["id", 1], ["LIMIT", 1]]
  [1m[36mPost Load (0.9ms)[0m  [1m[34mSELECT "posts".* FROM "posts" WHERE "posts"."sub_id" = $1[0m  [["sub_id", 2]]
  Rendered subs/show.html.erb within layouts/application (9.0ms)
Completed 200 OK in 44ms (Views: 36.9ms | ActiveRecord: 3.6ms)


Started GET "/subs/2/posts/3" for 127.0.0.1 at 2018-07-17 14:08:06 -0700
Processing by PostsController#show as HTML
  Parameters: {"sub_id"=>"2", "id"=>"3"}
  [1m[36mUser Load (0.5ms)[0m  [1m[34mSELECT  "users".* FROM "users" WHERE "users"."session_token" = $1 LIMIT $2[0m  [["session_token", "BmZzybOsOJiTyAkZAQcwtw"], ["LIMIT", 1]]
  [1m[36mPost Load (0.5ms)[0m  [1m[34mSELECT  "posts".* FROM "posts" WHERE "posts"."id" = $1 LIMIT $2[0m  [["id", 3], ["LIMIT", 1]]
  Rendering posts/show.html.erb within layouts/application
  [1m[36mUser Load (0.9ms)[0m  [1m[34mSELECT  "users".* FROM "users" WHERE "users"."id" = $1 LIMIT $2[0m  [["id", 3], ["LIMIT", 1]]
  [1m[36mSub Load (0.4ms)[0m  [1m[34mSELECT  "subs".* FROM "subs" WHERE "subs"."id" = $1 LIMIT $2[0m  [["id", 2], ["LIMIT", 1]]
  Rendered posts/show.html.erb within layouts/application (6.0ms)
Completed 200 OK in 42ms (Views: 36.0ms | ActiveRecord: 2.2ms)


Started GET "/subs/2/posts/3" for 127.0.0.1 at 2018-07-17 14:09:00 -0700
Processing by PostsController#show as HTML
  Parameters: {"sub_id"=>"2", "id"=>"3"}
  [1m[36mUser Load (0.3ms)[0m  [1m[34mSELECT  "users".* FROM "users" WHERE "users"."session_token" = $1 LIMIT $2[0m  [["session_token", "BmZzybOsOJiTyAkZAQcwtw"], ["LIMIT", 1]]
  [1m[36mPost Load (0.5ms)[0m  [1m[34mSELECT  "posts".* FROM "posts" WHERE "posts"."id" = $1 LIMIT $2[0m  [["id", 3], ["LIMIT", 1]]
  Rendering posts/show.html.erb within layouts/application
  [1m[36mUser Load (0.4ms)[0m  [1m[34mSELECT  "users".* FROM "users" WHERE "users"."id" = $1 LIMIT $2[0m  [["id", 3], ["LIMIT", 1]]
  [1m[36mSub Load (0.3ms)[0m  [1m[34mSELECT  "subs".* FROM "subs" WHERE "subs"."id" = $1 LIMIT $2[0m  [["id", 2], ["LIMIT", 1]]
  Rendered posts/show.html.erb within layouts/application (190.8ms)
Completed 500 Internal Server Error in 202ms (ActiveRecord: 1.4ms)



NoMethodError - undefined method `edit_post_url' for #<#<Class:0x00007f9fc6d60930>:0x00007f9fc5610410>
Did you mean?  edit_sub_post_url
               edit_sub_url:
  app/views/posts/show.html.erb:9:in `_app_views_posts_show_html_erb__820924254222141497_70162098257460'
  app/controllers/posts_controller.rb:40:in `show'

Started POST "/__better_errors/95f6ab7219afad9b/variables" for 127.0.0.1 at 2018-07-17 14:09:00 -0700
Started GET "/subs/2/posts/3" for 127.0.0.1 at 2018-07-17 14:09:15 -0700
Processing by PostsController#show as HTML
  Parameters: {"sub_id"=>"2", "id"=>"3"}
  [1m[36mUser Load (0.3ms)[0m  [1m[34mSELECT  "users".* FROM "users" WHERE "users"."session_token" = $1 LIMIT $2[0m  [["session_token", "BmZzybOsOJiTyAkZAQcwtw"], ["LIMIT", 1]]
  [1m[36mPost Load (0.2ms)[0m  [1m[34mSELECT  "posts".* FROM "posts" WHERE "posts"."id" = $1 LIMIT $2[0m  [["id", 3], ["LIMIT", 1]]
  Rendering posts/show.html.erb within layouts/application
  [1m[36mUser Load (0.3ms)[0m  [1m[34mSELECT  "users".* FROM "users" WHERE "users"."id" = $1 LIMIT $2[0m  [["id", 3], ["LIMIT", 1]]
  [1m[36mSub Load (0.3ms)[0m  [1m[34mSELECT  "subs".* FROM "subs" WHERE "subs"."id" = $1 LIMIT $2[0m  [["id", 2], ["LIMIT", 1]]
  Rendered posts/show.html.erb within layouts/application (3.6ms)
Completed 200 OK in 121ms (Views: 116.9ms | ActiveRecord: 1.1ms)


Started GET "/subs/2/posts/3/edit" for 127.0.0.1 at 2018-07-17 14:09:17 -0700
Processing by PostsController#edit as HTML
  Parameters: {"sub_id"=>"2", "id"=>"3"}
  [1m[36mUser Load (0.3ms)[0m  [1m[34mSELECT  "users".* FROM "users" WHERE "users"."session_token" = $1 LIMIT $2[0m  [["session_token", "BmZzybOsOJiTyAkZAQcwtw"], ["LIMIT", 1]]
Completed 500 Internal Server Error in 224ms (ActiveRecord: 0.3ms)



NoMethodError - undefined method `require_author' for #<PostsController:0x00007f9fc61e72c0>
Did you mean?  require_or_load:

Started POST "/__better_errors/169bfc7a9ae918c9/variables" for 127.0.0.1 at 2018-07-17 14:09:18 -0700
Started GET "/subs/2/posts/3/edit" for 127.0.0.1 at 2018-07-17 14:10:42 -0700
Processing by PostsController#edit as HTML
  Parameters: {"sub_id"=>"2", "id"=>"3"}
  [1m[36mUser Load (0.3ms)[0m  [1m[34mSELECT  "users".* FROM "users" WHERE "users"."session_token" = $1 LIMIT $2[0m  [["session_token", "BmZzybOsOJiTyAkZAQcwtw"], ["LIMIT", 1]]
  [1m[36mPost Load (0.3ms)[0m  [1m[34mSELECT  "posts".* FROM "posts" WHERE "posts"."id" = $1 LIMIT $2[0m  [["id", 3], ["LIMIT", 1]]
  [1m[36mCACHE Post Load (0.0ms)[0m  [1m[34mSELECT  "posts".* FROM "posts" WHERE "posts"."id" = $1 LIMIT $2[0m  [["id", 3], ["LIMIT", 1]]
  Rendering posts/edit.html.erb within layouts/application
  Rendered posts/edit.html.erb within layouts/application (1.1ms)
Completed 200 OK in 171ms (Views: 99.5ms | ActiveRecord: 12.5ms)


Started PATCH "/subs/3/posts/3" for 127.0.0.1 at 2018-07-17 14:10:46 -0700
Processing by PostsController#update as HTML
  Parameters: {"authenticity_token"=>"2lLJGuP9w0kOdptEKDI9RD0ijs19MDA6EmCzH+bk22JKyA0gt62LE3bTqxqU4MYBf7NGhuZqTF4hAi2B8xTFxQ==", "post"=>{"title"=>"asdfasdfasf", "url"=>"asdfasdfasdf", "content"=>"sdgfasdfasdfasdfasdfaksdhf"}, "sub_id"=>"3", "id"=>"3"}
  [1m[36mUser Load (0.5ms)[0m  [1m[34mSELECT  "users".* FROM "users" WHERE "users"."session_token" = $1 LIMIT $2[0m  [["session_token", "BmZzybOsOJiTyAkZAQcwtw"], ["LIMIT", 1]]
  [1m[36mPost Load (0.5ms)[0m  [1m[34mSELECT  "posts".* FROM "posts" WHERE "posts"."id" = $1 LIMIT $2[0m  [["id", 3], ["LIMIT", 1]]
  [1m[36mCACHE Post Load (0.0ms)[0m  [1m[34mSELECT  "posts".* FROM "posts" WHERE "posts"."id" = $1 LIMIT $2[0m  [["id", 3], ["LIMIT", 1]]
  [1m[35m (0.2ms)[0m  [1m[35mBEGIN[0m
  [1m[36mSub Load (0.7ms)[0m  [1m[34mSELECT  "subs".* FROM "subs" WHERE "subs"."id" = $1 LIMIT $2[0m  [["id", 2], ["LIMIT", 1]]
  [1m[36mUser Load (0.3ms)[0m  [1m[34mSELECT  "users".* FROM "users" WHERE "users"."id" = $1 LIMIT $2[0m  [["id", 3], ["LIMIT", 1]]
  [1m[35mSQL (0.9ms)[0m  [1m[33mUPDATE "posts" SET "content" = $1, "updated_at" = $2 WHERE "posts"."id" = $3[0m  [["content", "sdgfasdfasdfasdfasdfaksdhf"], ["updated_at", "2018-07-17 21:10:46.967075"], ["id", 3]]
  [1m[35m (0.6ms)[0m  [1m[35mCOMMIT[0m
Redirected to http://localhost:3000/subs/3/posts/3
Completed 302 Found in 69ms (ActiveRecord: 8.8ms)


Started GET "/subs/3/posts/3" for 127.0.0.1 at 2018-07-17 14:10:46 -0700
Processing by PostsController#show as HTML
  Parameters: {"sub_id"=>"3", "id"=>"3"}
  [1m[36mUser Load (0.3ms)[0m  [1m[34mSELECT  "users".* FROM "users" WHERE "users"."session_token" = $1 LIMIT $2[0m  [["session_token", "BmZzybOsOJiTyAkZAQcwtw"], ["LIMIT", 1]]
  [1m[36mPost Load (0.3ms)[0m  [1m[34mSELECT  "posts".* FROM "posts" WHERE "posts"."id" = $1 LIMIT $2[0m  [["id", 3], ["LIMIT", 1]]
  Rendering posts/show.html.erb within layouts/application
  [1m[36mUser Load (0.4ms)[0m  [1m[34mSELECT  "users".* FROM "users" WHERE "users"."id" = $1 LIMIT $2[0m  [["id", 3], ["LIMIT", 1]]
  [1m[36mSub Load (0.4ms)[0m  [1m[34mSELECT  "subs".* FROM "subs" WHERE "subs"."id" = $1 LIMIT $2[0m  [["id", 2], ["LIMIT", 1]]
  Rendered posts/show.html.erb within layouts/application (5.5ms)
Completed 200 OK in 35ms (Views: 31.3ms | ActiveRecord: 1.4ms)


Started GET "/subs/2/posts/3/edit" for 127.0.0.1 at 2018-07-17 14:10:49 -0700
Processing by PostsController#edit as HTML
  Parameters: {"sub_id"=>"2", "id"=>"3"}
  [1m[36mUser Load (0.3ms)[0m  [1m[34mSELECT  "users".* FROM "users" WHERE "users"."session_token" = $1 LIMIT $2[0m  [["session_token", "BmZzybOsOJiTyAkZAQcwtw"], ["LIMIT", 1]]
  [1m[36mPost Load (0.3ms)[0m  [1m[34mSELECT  "posts".* FROM "posts" WHERE "posts"."id" = $1 LIMIT $2[0m  [["id", 3], ["LIMIT", 1]]
  [1m[36mCACHE Post Load (0.0ms)[0m  [1m[34mSELECT  "posts".* FROM "posts" WHERE "posts"."id" = $1 LIMIT $2[0m  [["id", 3], ["LIMIT", 1]]
  Rendering posts/edit.html.erb within layouts/application
  Rendered posts/edit.html.erb within layouts/application (0.8ms)
Completed 200 OK in 40ms (Views: 36.6ms | ActiveRecord: 0.6ms)


Started DELETE "/session" for 127.0.0.1 at 2018-07-17 14:10:53 -0700
Processing by SessionsController#destroy as HTML
  Parameters: {"authenticity_token"=>"IBrBdkLoKO0Pyo1W/qqotDK9+7axte27xjwvrHk+UtOwgAVMFrhgt3dvvQhCeFPxcCwz/Srvkd/1XrEybM5MdA=="}
  [1m[36mUser Load (0.4ms)[0m  [1m[34mSELECT  "users".* FROM "users" WHERE "users"."session_token" = $1 LIMIT $2[0m  [["session_token", "BmZzybOsOJiTyAkZAQcwtw"], ["LIMIT", 1]]
  [1m[35m (0.2ms)[0m  [1m[35mBEGIN[0m
  [1m[35mSQL (0.6ms)[0m  [1m[33mUPDATE "users" SET "session_token" = $1, "updated_at" = $2 WHERE "users"."id" = $3[0m  [["session_token", "F_VXRR8ZwQCkAdiIR6jshg"], ["updated_at", "2018-07-17 21:10:54.029036"], ["id", 3]]
  [1m[35m (0.5ms)[0m  [1m[35mCOMMIT[0m
Redirected to http://localhost:3000/session/new
Completed 302 Found in 6ms (ActiveRecord: 1.6ms)


Started GET "/session/new" for 127.0.0.1 at 2018-07-17 14:10:54 -0700
Processing by SessionsController#new as HTML
  Rendering sessions/new.html.erb within layouts/application
  Rendered sessions/new.html.erb within layouts/application (0.7ms)
  [1m[36mUser Load (0.8ms)[0m  [1m[34mSELECT  "users".* FROM "users" WHERE "users"."session_token" IS NULL LIMIT $1[0m  [["LIMIT", 1]]
Completed 200 OK in 54ms (Views: 52.6ms | ActiveRecord: 0.8ms)


Started POST "/session" for 127.0.0.1 at 2018-07-17 14:11:00 -0700
Processing by SessionsController#create as HTML
  Parameters: {"authenticity_token"=>"GxGn4fR4hjefB0dPMLSbY9rhXUsOG8p+h20MsKy4N8uLi2PboCjObeeidxGMZmAmmHCVAJVBthq0D5IuuUgpbA==", "user"=>{"username"=>"jeremiah", "password"=>"[FILTERED]"}}
  [1m[36mUser Load (0.5ms)[0m  [1m[34mSELECT  "users".* FROM "users" WHERE "users"."username" = $1 LIMIT $2[0m  [["username", "jeremiah"], ["LIMIT", 1]]
  [1m[35m (0.2ms)[0m  [1m[35mBEGIN[0m
  [1m[35mSQL (0.6ms)[0m  [1m[33mUPDATE "users" SET "session_token" = $1, "updated_at" = $2 WHERE "users"."id" = $3[0m  [["session_token", "-4YSikERgfxtP3yx60TnMA"], ["updated_at", "2018-07-17 21:11:00.745760"], ["id", 1]]
  [1m[35m (0.5ms)[0m  [1m[35mCOMMIT[0m
Redirected to http://localhost:3000/subs
Completed 302 Found in 87ms (ActiveRecord: 1.9ms)


Started GET "/subs" for 127.0.0.1 at 2018-07-17 14:11:00 -0700
Processing by SubsController#index as HTML
  [1m[36mUser Load (0.3ms)[0m  [1m[34mSELECT  "users".* FROM "users" WHERE "users"."session_token" = $1 LIMIT $2[0m  [["session_token", "-4YSikERgfxtP3yx60TnMA"], ["LIMIT", 1]]
  Rendering subs/index.html.erb within layouts/application
  [1m[36mSub Load (0.5ms)[0m  [1m[34mSELECT "subs".* FROM "subs"[0m
  Rendered subs/index.html.erb within layouts/application (2.2ms)
Completed 200 OK in 50ms (Views: 47.2ms | ActiveRecord: 0.8ms)


Started GET "/subs/2" for 127.0.0.1 at 2018-07-17 14:11:02 -0700
Processing by SubsController#show as HTML
  Parameters: {"id"=>"2"}
  [1m[36mUser Load (0.3ms)[0m  [1m[34mSELECT  "users".* FROM "users" WHERE "users"."session_token" = $1 LIMIT $2[0m  [["session_token", "-4YSikERgfxtP3yx60TnMA"], ["LIMIT", 1]]
  [1m[36mSub Load (0.4ms)[0m  [1m[34mSELECT  "subs".* FROM "subs" WHERE "subs"."id" = $1 LIMIT $2[0m  [["id", 2], ["LIMIT", 1]]
  Rendering subs/show.html.erb within layouts/application
  [1m[36mUser Load (0.4ms)[0m  [1m[34mSELECT  "users".* FROM "users" WHERE "users"."id" = $1 LIMIT $2[0m  [["id", 1], ["LIMIT", 1]]
  [1m[36mPost Load (0.5ms)[0m  [1m[34mSELECT "posts".* FROM "posts" WHERE "posts"."sub_id" = $1[0m  [["sub_id", 2]]
  Rendered subs/show.html.erb within layouts/application (11.6ms)
Completed 200 OK in 43ms (Views: 38.6ms | ActiveRecord: 1.6ms)


Started GET "/subs/2/posts/1" for 127.0.0.1 at 2018-07-17 14:11:04 -0700
Processing by PostsController#show as HTML
  Parameters: {"sub_id"=>"2", "id"=>"1"}
  [1m[36mUser Load (0.3ms)[0m  [1m[34mSELECT  "users".* FROM "users" WHERE "users"."session_token" = $1 LIMIT $2[0m  [["session_token", "-4YSikERgfxtP3yx60TnMA"], ["LIMIT", 1]]
  [1m[36mPost Load (0.3ms)[0m  [1m[34mSELECT  "posts".* FROM "posts" WHERE "posts"."id" = $1 LIMIT $2[0m  [["id", 1], ["LIMIT", 1]]
  Rendering posts/show.html.erb within layouts/application
  [1m[36mUser Load (0.3ms)[0m  [1m[34mSELECT  "users".* FROM "users" WHERE "users"."id" = $1 LIMIT $2[0m  [["id", 3], ["LIMIT", 1]]
  [1m[36mSub Load (0.4ms)[0m  [1m[34mSELECT  "subs".* FROM "subs" WHERE "subs"."id" = $1 LIMIT $2[0m  [["id", 2], ["LIMIT", 1]]
  Rendered posts/show.html.erb within layouts/application (6.2ms)
Completed 200 OK in 37ms (Views: 33.3ms | ActiveRecord: 1.4ms)


Started GET "/subs/2/posts/1/edit" for 127.0.0.1 at 2018-07-17 14:11:06 -0700
Processing by PostsController#edit as HTML
  Parameters: {"sub_id"=>"2", "id"=>"1"}
  [1m[36mUser Load (0.3ms)[0m  [1m[34mSELECT  "users".* FROM "users" WHERE "users"."session_token" = $1 LIMIT $2[0m  [["session_token", "-4YSikERgfxtP3yx60TnMA"], ["LIMIT", 1]]
  [1m[36mPost Load (0.3ms)[0m  [1m[34mSELECT  "posts".* FROM "posts" WHERE "posts"."id" = $1 LIMIT $2[0m  [["id", 1], ["LIMIT", 1]]
  [1m[36mSub Load (1.0ms)[0m  [1m[34mSELECT  "subs".* FROM "subs" WHERE "subs"."id" = $1 LIMIT $2[0m  [["id", 2], ["LIMIT", 1]]
Redirected to http://localhost:3000/subs/2/posts/1
Filter chain halted as :require_author rendered or redirected
Completed 302 Found in 7ms (ActiveRecord: 1.5ms)


Started GET "/subs/2/posts/1" for 127.0.0.1 at 2018-07-17 14:11:06 -0700
Processing by PostsController#show as HTML
  Parameters: {"sub_id"=>"2", "id"=>"1"}
  [1m[36mUser Load (0.3ms)[0m  [1m[34mSELECT  "users".* FROM "users" WHERE "users"."session_token" = $1 LIMIT $2[0m  [["session_token", "-4YSikERgfxtP3yx60TnMA"], ["LIMIT", 1]]
  [1m[36mPost Load (0.4ms)[0m  [1m[34mSELECT  "posts".* FROM "posts" WHERE "posts"."id" = $1 LIMIT $2[0m  [["id", 1], ["LIMIT", 1]]
  Rendering posts/show.html.erb within layouts/application
  [1m[36mUser Load (0.5ms)[0m  [1m[34mSELECT  "users".* FROM "users" WHERE "users"."id" = $1 LIMIT $2[0m  [["id", 3], ["LIMIT", 1]]
  [1m[36mSub Load (0.3ms)[0m  [1m[34mSELECT  "subs".* FROM "subs" WHERE "subs"."id" = $1 LIMIT $2[0m  [["id", 2], ["LIMIT", 1]]
  Rendered posts/show.html.erb within layouts/application (4.5ms)
Completed 200 OK in 32ms (Views: 28.2ms | ActiveRecord: 1.5ms)


Started GET "/subs/2/posts/2" for 127.0.0.1 at 2018-07-17 14:14:38 -0700
Processing by PostsController#show as HTML
  Parameters: {"sub_id"=>"2", "id"=>"2"}
  [1m[36mUser Load (0.3ms)[0m  [1m[34mSELECT  "users".* FROM "users" WHERE "users"."session_token" = $1 LIMIT $2[0m  [["session_token", "-4YSikERgfxtP3yx60TnMA"], ["LIMIT", 1]]
  [1m[36mPost Load (0.3ms)[0m  [1m[34mSELECT  "posts".* FROM "posts" WHERE "posts"."id" = $1 LIMIT $2[0m  [["id", 2], ["LIMIT", 1]]
  Rendering posts/show.html.erb within layouts/application
  [1m[36mUser Load (0.4ms)[0m  [1m[34mSELECT  "users".* FROM "users" WHERE "users"."id" = $1 LIMIT $2[0m  [["id", 3], ["LIMIT", 1]]
  [1m[36mSub Load (0.4ms)[0m  [1m[34mSELECT  "subs".* FROM "subs" WHERE "subs"."id" = $1 LIMIT $2[0m  [["id", 2], ["LIMIT", 1]]
  Rendered posts/show.html.erb within layouts/application (32.2ms)
Completed 200 OK in 183ms (Views: 94.9ms | ActiveRecord: 18.0ms)


Started DELETE "/posts/2" for 127.0.0.1 at 2018-07-17 14:14:42 -0700
Processing by PostsController#destroy as HTML
  Parameters: {"authenticity_token"=>"E9/DRMzNM/5vo/gFnINcg2KxAkQorkHzoSRgoY5Bqb+DRQd+mJ17pBcGyFsgUafGICDKD7P0PZeSRv4/m7G3GA==", "id"=>"2"}
  [1m[36mUser Load (0.3ms)[0m  [1m[34mSELECT  "users".* FROM "users" WHERE "users"."session_token" = $1 LIMIT $2[0m  [["session_token", "-4YSikERgfxtP3yx60TnMA"], ["LIMIT", 1]]
  [1m[36mPost Load (0.5ms)[0m  [1m[34mSELECT  "posts".* FROM "posts" WHERE "posts"."id" = $1 LIMIT $2[0m  [["id", 2], ["LIMIT", 1]]
  [1m[36mSub Load (0.4ms)[0m  [1m[34mSELECT  "subs".* FROM "subs" WHERE "subs"."id" = $1 LIMIT $2[0m  [["id", 2], ["LIMIT", 1]]
Redirected to http://localhost:3000/subs/2/posts/2
Filter chain halted as :require_author rendered or redirected
Completed 302 Found in 6ms (ActiveRecord: 1.2ms)


Started GET "/subs/2/posts/2" for 127.0.0.1 at 2018-07-17 14:14:42 -0700
Processing by PostsController#show as HTML
  Parameters: {"sub_id"=>"2", "id"=>"2"}
  [1m[36mUser Load (0.2ms)[0m  [1m[34mSELECT  "users".* FROM "users" WHERE "users"."session_token" = $1 LIMIT $2[0m  [["session_token", "-4YSikERgfxtP3yx60TnMA"], ["LIMIT", 1]]
  [1m[36mPost Load (0.3ms)[0m  [1m[34mSELECT  "posts".* FROM "posts" WHERE "posts"."id" = $1 LIMIT $2[0m  [["id", 2], ["LIMIT", 1]]
  Rendering posts/show.html.erb within layouts/application
  [1m[36mUser Load (0.3ms)[0m  [1m[34mSELECT  "users".* FROM "users" WHERE "users"."id" = $1 LIMIT $2[0m  [["id", 3], ["LIMIT", 1]]
  [1m[36mSub Load (0.2ms)[0m  [1m[34mSELECT  "subs".* FROM "subs" WHERE "subs"."id" = $1 LIMIT $2[0m  [["id", 2], ["LIMIT", 1]]
  Rendered posts/show.html.erb within layouts/application (3.7ms)
Completed 200 OK in 31ms (Views: 27.7ms | ActiveRecord: 1.1ms)


Started DELETE "/posts/2" for 127.0.0.1 at 2018-07-17 14:14:43 -0700
Processing by PostsController#destroy as HTML
  Parameters: {"authenticity_token"=>"g539JJ9bZR/+cnYMqba4W+aT6NWhfyhTwaPxn7czg3YTBzkeywstRYbXRlIVZEMepAIgnjolVDfywW8BosOd0Q==", "id"=>"2"}
  [1m[36mUser Load (0.3ms)[0m  [1m[34mSELECT  "users".* FROM "users" WHERE "users"."session_token" = $1 LIMIT $2[0m  [["session_token", "-4YSikERgfxtP3yx60TnMA"], ["LIMIT", 1]]
  [1m[36mPost Load (0.4ms)[0m  [1m[34mSELECT  "posts".* FROM "posts" WHERE "posts"."id" = $1 LIMIT $2[0m  [["id", 2], ["LIMIT", 1]]
  [1m[36mSub Load (0.3ms)[0m  [1m[34mSELECT  "subs".* FROM "subs" WHERE "subs"."id" = $1 LIMIT $2[0m  [["id", 2], ["LIMIT", 1]]
Redirected to http://localhost:3000/subs/2/posts/2
Filter chain halted as :require_author rendered or redirected
Completed 302 Found in 5ms (ActiveRecord: 0.9ms)


Started GET "/subs/2/posts/2" for 127.0.0.1 at 2018-07-17 14:14:43 -0700
Processing by PostsController#show as HTML
  Parameters: {"sub_id"=>"2", "id"=>"2"}
  [1m[36mUser Load (0.3ms)[0m  [1m[34mSELECT  "users".* FROM "users" WHERE "users"."session_token" = $1 LIMIT $2[0m  [["session_token", "-4YSikERgfxtP3yx60TnMA"], ["LIMIT", 1]]
  [1m[36mPost Load (0.4ms)[0m  [1m[34mSELECT  "posts".* FROM "posts" WHERE "posts"."id" = $1 LIMIT $2[0m  [["id", 2], ["LIMIT", 1]]
  Rendering posts/show.html.erb within layouts/application
  [1m[36mUser Load (0.4ms)[0m  [1m[34mSELECT  "users".* FROM "users" WHERE "users"."id" = $1 LIMIT $2[0m  [["id", 3], ["LIMIT", 1]]
  [1m[36mSub Load (0.4ms)[0m  [1m[34mSELECT  "subs".* FROM "subs" WHERE "subs"."id" = $1 LIMIT $2[0m  [["id", 2], ["LIMIT", 1]]
  Rendered posts/show.html.erb within layouts/application (4.8ms)
Completed 200 OK in 31ms (Views: 27.1ms | ActiveRecord: 1.5ms)


Started DELETE "/session" for 127.0.0.1 at 2018-07-17 14:14:47 -0700
Processing by SessionsController#destroy as HTML
  Parameters: {"authenticity_token"=>"8Wnk+5UqwEOCB24btESDea/quo79/G23krwHLSgJjKVh8yDBwXqIGfqiXkUIlng87XtyxWamEdOh3pmzPfmSAg=="}
  [1m[36mUser Load (0.3ms)[0m  [1m[34mSELECT  "users".* FROM "users" WHERE "users"."session_token" = $1 LIMIT $2[0m  [["session_token", "-4YSikERgfxtP3yx60TnMA"], ["LIMIT", 1]]
  [1m[35m (0.2ms)[0m  [1m[35mBEGIN[0m
  [1m[35mSQL (0.8ms)[0m  [1m[33mUPDATE "users" SET "session_token" = $1, "updated_at" = $2 WHERE "users"."id" = $3[0m  [["session_token", "KIUMKVEcZOMNeWS2cpat4Q"], ["updated_at", "2018-07-17 21:14:47.699204"], ["id", 1]]
  [1m[35m (0.5ms)[0m  [1m[35mCOMMIT[0m
Redirected to http://localhost:3000/session/new
Completed 302 Found in 7ms (ActiveRecord: 1.8ms)


Started GET "/session/new" for 127.0.0.1 at 2018-07-17 14:14:47 -0700
Processing by SessionsController#new as HTML
  Rendering sessions/new.html.erb within layouts/application
  Rendered sessions/new.html.erb within layouts/application (0.7ms)
  [1m[36mUser Load (0.4ms)[0m  [1m[34mSELECT  "users".* FROM "users" WHERE "users"."session_token" IS NULL LIMIT $1[0m  [["LIMIT", 1]]
Completed 200 OK in 36ms (Views: 35.4ms | ActiveRecord: 0.4ms)


Started POST "/session" for 127.0.0.1 at 2018-07-17 14:14:53 -0700
Processing by SessionsController#create as HTML
  Parameters: {"authenticity_token"=>"aOT3RDGzJRxmjIhTSVxgS2GhdB16sclHvsc29PM8K4X4fjN+ZeNtRh4puA31jpsOIzC8VuHrtSONpahq5sw1Ig==", "user"=>{"username"=>"whitman", "password"=>"[FILTERED]"}}
  [1m[36mUser Load (0.5ms)[0m  [1m[34mSELECT  "users".* FROM "users" WHERE "users"."username" = $1 LIMIT $2[0m  [["username", "whitman"], ["LIMIT", 1]]
  [1m[35m (0.3ms)[0m  [1m[35mBEGIN[0m
  [1m[35mSQL (0.6ms)[0m  [1m[33mUPDATE "users" SET "session_token" = $1, "updated_at" = $2 WHERE "users"."id" = $3[0m  [["session_token", "unorVKHtm7h0KgcKhw7M5g"], ["updated_at", "2018-07-17 21:14:54.042768"], ["id", 3]]
  [1m[35m (0.5ms)[0m  [1m[35mCOMMIT[0m
Redirected to http://localhost:3000/subs
Completed 302 Found in 82ms (ActiveRecord: 1.9ms)


Started GET "/subs" for 127.0.0.1 at 2018-07-17 14:14:54 -0700
Processing by SubsController#index as HTML
  [1m[36mUser Load (0.4ms)[0m  [1m[34mSELECT  "users".* FROM "users" WHERE "users"."session_token" = $1 LIMIT $2[0m  [["session_token", "unorVKHtm7h0KgcKhw7M5g"], ["LIMIT", 1]]
  Rendering subs/index.html.erb within layouts/application
  [1m[36mSub Load (0.5ms)[0m  [1m[34mSELECT "subs".* FROM "subs"[0m
  Rendered subs/index.html.erb within layouts/application (2.3ms)
Completed 200 OK in 42ms (Views: 39.5ms | ActiveRecord: 0.9ms)


Started GET "/subs/2" for 127.0.0.1 at 2018-07-17 14:14:55 -0700
Processing by SubsController#show as HTML
  Parameters: {"id"=>"2"}
  [1m[36mUser Load (0.3ms)[0m  [1m[34mSELECT  "users".* FROM "users" WHERE "users"."session_token" = $1 LIMIT $2[0m  [["session_token", "unorVKHtm7h0KgcKhw7M5g"], ["LIMIT", 1]]
  [1m[36mSub Load (0.3ms)[0m  [1m[34mSELECT  "subs".* FROM "subs" WHERE "subs"."id" = $1 LIMIT $2[0m  [["id", 2], ["LIMIT", 1]]
  Rendering subs/show.html.erb within layouts/application
  [1m[36mUser Load (0.4ms)[0m  [1m[34mSELECT  "users".* FROM "users" WHERE "users"."id" = $1 LIMIT $2[0m  [["id", 1], ["LIMIT", 1]]
  [1m[36mPost Load (0.4ms)[0m  [1m[34mSELECT "posts".* FROM "posts" WHERE "posts"."sub_id" = $1[0m  [["sub_id", 2]]
  Rendered subs/show.html.erb within layouts/application (8.8ms)
Completed 200 OK in 41ms (Views: 35.3ms | ActiveRecord: 1.5ms)


Started GET "/subs/2/posts/6" for 127.0.0.1 at 2018-07-17 14:14:56 -0700
Processing by PostsController#show as HTML
  Parameters: {"sub_id"=>"2", "id"=>"6"}
  [1m[36mUser Load (0.3ms)[0m  [1m[34mSELECT  "users".* FROM "users" WHERE "users"."session_token" = $1 LIMIT $2[0m  [["session_token", "unorVKHtm7h0KgcKhw7M5g"], ["LIMIT", 1]]
  [1m[36mPost Load (0.3ms)[0m  [1m[34mSELECT  "posts".* FROM "posts" WHERE "posts"."id" = $1 LIMIT $2[0m  [["id", 6], ["LIMIT", 1]]
  Rendering posts/show.html.erb within layouts/application
  [1m[36mUser Load (0.9ms)[0m  [1m[34mSELECT  "users".* FROM "users" WHERE "users"."id" = $1 LIMIT $2[0m  [["id", 3], ["LIMIT", 1]]
  [1m[36mSub Load (0.5ms)[0m  [1m[34mSELECT  "subs".* FROM "subs" WHERE "subs"."id" = $1 LIMIT $2[0m  [["id", 2], ["LIMIT", 1]]
  Rendered posts/show.html.erb within layouts/application (6.4ms)
Completed 200 OK in 43ms (Views: 38.0ms | ActiveRecord: 2.0ms)


Started DELETE "/posts/6" for 127.0.0.1 at 2018-07-17 14:14:58 -0700
Processing by PostsController#destroy as HTML
  Parameters: {"authenticity_token"=>"rhkp6s4kygcT2dA2ocuIeEsEo9W57cxR5tiqn62bII4+g+3QmnSCXWt84GgdGXM9CZVrniK3sDXVujQBuGs+KQ==", "id"=>"6"}
  [1m[36mUser Load (0.4ms)[0m  [1m[34mSELECT  "users".* FROM "users" WHERE "users"."session_token" = $1 LIMIT $2[0m  [["session_token", "unorVKHtm7h0KgcKhw7M5g"], ["LIMIT", 1]]
  [1m[36mPost Load (0.4ms)[0m  [1m[34mSELECT  "posts".* FROM "posts" WHERE "posts"."id" = $1 LIMIT $2[0m  [["id", 6], ["LIMIT", 1]]
  [1m[36mCACHE Post Load (0.0ms)[0m  [1m[34mSELECT  "posts".* FROM "posts" WHERE "posts"."id" = $1 LIMIT $2[0m  [["id", 6], ["LIMIT", 1]]
  [1m[35m (0.3ms)[0m  [1m[35mBEGIN[0m
  [1m[35mSQL (0.7ms)[0m  [1m[31mDELETE FROM "posts" WHERE "posts"."id" = $1[0m  [["id", 6]]
  [1m[35m (24.9ms)[0m  [1m[35mCOMMIT[0m
  [1m[36mSub Load (0.5ms)[0m  [1m[34mSELECT  "subs".* FROM "subs" WHERE "subs"."id" = $1 LIMIT $2[0m  [["id", 2], ["LIMIT", 1]]
Redirected to http://localhost:3000/subs/2
Completed 302 Found in 36ms (ActiveRecord: 27.3ms)


Started GET "/subs/2" for 127.0.0.1 at 2018-07-17 14:14:58 -0700
Processing by SubsController#show as HTML
  Parameters: {"id"=>"2"}
  [1m[36mUser Load (0.3ms)[0m  [1m[34mSELECT  "users".* FROM "users" WHERE "users"."session_token" = $1 LIMIT $2[0m  [["session_token", "unorVKHtm7h0KgcKhw7M5g"], ["LIMIT", 1]]
  [1m[36mSub Load (0.3ms)[0m  [1m[34mSELECT  "subs".* FROM "subs" WHERE "subs"."id" = $1 LIMIT $2[0m  [["id", 2], ["LIMIT", 1]]
  Rendering subs/show.html.erb within layouts/application
  [1m[36mUser Load (0.3ms)[0m  [1m[34mSELECT  "users".* FROM "users" WHERE "users"."id" = $1 LIMIT $2[0m  [["id", 1], ["LIMIT", 1]]
  [1m[36mPost Load (0.3ms)[0m  [1m[34mSELECT "posts".* FROM "posts" WHERE "posts"."sub_id" = $1[0m  [["sub_id", 2]]
  Rendered subs/show.html.erb within layouts/application (5.1ms)
Completed 200 OK in 32ms (Views: 28.3ms | ActiveRecord: 1.2ms)


